#! /usr/bin/vvp
:ivl_version "12.0 (stable)";
:ivl_delay_selection "TYPICAL";
:vpi_time_precision + 0;
:vpi_module "/usr/lib/x86_64-linux-gnu/ivl/system.vpi";
:vpi_module "/usr/lib/x86_64-linux-gnu/ivl/vhdl_sys.vpi";
:vpi_module "/usr/lib/x86_64-linux-gnu/ivl/vhdl_textio.vpi";
:vpi_module "/usr/lib/x86_64-linux-gnu/ivl/v2005_math.vpi";
:vpi_module "/usr/lib/x86_64-linux-gnu/ivl/va_math.vpi";
S_0x615eef5e29d0 .scope module, "tinker_core" "tinker_core" 2 17;
 .timescale 0 0;
    .port_info 0 /INPUT 1 "clk";
    .port_info 1 /INPUT 1 "reset";
o0x72211cadbe88 .functor BUFZ 1, C4<z>; HiZ drive
v0x615eef6e3cc0_0 .net "clk", 0 0, o0x72211cadbe88;  0 drivers
v0x615eef6e3dd0_0 .net "instruction", 31 0, L_0x615eef6f5ae0;  1 drivers
v0x615eef6e3ee0_0 .net "is_write_mem", 0 0, v0x615eef6ddb80_0;  1 drivers
v0x615eef6e3fd0_0 .net "is_write_reg", 0 0, v0x615eef6dddc0_0;  1 drivers
v0x615eef6e40c0_0 .net "literal", 11 0, L_0x615eef6e5390;  1 drivers
v0x615eef6e41b0_0 .net "opcode", 4 0, L_0x615eef6e5000;  1 drivers
v0x615eef6e4270_0 .var "pc", 63 0;
v0x615eef6e4330_0 .net "r31_val", 63 0, L_0x615eef6f7f00;  1 drivers
v0x615eef6e43f0_0 .net "rd", 4 0, L_0x615eef6e51b0;  1 drivers
v0x615eef6e4540_0 .net "rd_val", 63 0, L_0x615eef6f61f0;  1 drivers
v0x615eef6e4690_0 .net "read_data_mem", 63 0, L_0x615eef6f7500;  1 drivers
o0x72211cadc818 .functor BUFZ 1, C4<z>; HiZ drive
v0x615eef6e47e0_0 .net "reset", 0 0, o0x72211cadc818;  0 drivers
v0x615eef6e4880_0 .net "rs", 4 0, L_0x615eef6e5250;  1 drivers
v0x615eef6e4920_0 .net "rs_val", 63 0, L_0x615eef6e1ef0;  1 drivers
v0x615eef6e49e0_0 .net "rslt_pc", 63 0, v0x615eef6de630_0;  1 drivers
v0x615eef6e4aa0_0 .net "rt", 4 0, L_0x615eef6e52f0;  1 drivers
v0x615eef6e4b40_0 .net "rt_val", 63 0, L_0x615eef6f7d30;  1 drivers
v0x615eef6e4d10_0 .net "write_address_mem", 63 0, v0x615eef6de890_0;  1 drivers
v0x615eef6e4dd0_0 .net "write_data_mem", 63 0, v0x615eef6deb10_0;  1 drivers
v0x615eef6e4e90_0 .net "write_data_reg", 63 0, v0x615eef6ded90_0;  1 drivers
S_0x615eef692af0 .scope module, "dec" "decoder" 2 31, 2 4 0, S_0x615eef5e29d0;
 .timescale 0 0;
    .port_info 0 /INPUT 32 "instruction";
    .port_info 1 /OUTPUT 5 "opcode";
    .port_info 2 /OUTPUT 5 "rd";
    .port_info 3 /OUTPUT 5 "rs";
    .port_info 4 /OUTPUT 5 "rt";
    .port_info 5 /OUTPUT 12 "literal";
v0x615eef6720b0_0 .net "instruction", 31 0, L_0x615eef6f5ae0;  alias, 1 drivers
v0x615eef6cd400_0 .net "literal", 11 0, L_0x615eef6e5390;  alias, 1 drivers
v0x615eef6cd4e0_0 .net "opcode", 4 0, L_0x615eef6e5000;  alias, 1 drivers
v0x615eef6cd5a0_0 .net "rd", 4 0, L_0x615eef6e51b0;  alias, 1 drivers
v0x615eef6cd680_0 .net "rs", 4 0, L_0x615eef6e5250;  alias, 1 drivers
v0x615eef6cd760_0 .net "rt", 4 0, L_0x615eef6e52f0;  alias, 1 drivers
L_0x615eef6e5000 .part L_0x615eef6f5ae0, 27, 5;
L_0x615eef6e51b0 .part L_0x615eef6f5ae0, 22, 5;
L_0x615eef6e5250 .part L_0x615eef6f5ae0, 17, 5;
L_0x615eef6e52f0 .part L_0x615eef6f5ae0, 12, 5;
L_0x615eef6e5390 .part L_0x615eef6f5ae0, 0, 12;
S_0x615eef67afa0 .scope module, "logic_unit" "main_logic" 2 67, 3 6 0, S_0x615eef5e29d0;
 .timescale 0 0;
    .port_info 0 /INPUT 5 "opcode";
    .port_info 1 /INPUT 64 "rd_val";
    .port_info 2 /INPUT 64 "rs_val";
    .port_info 3 /INPUT 64 "rt_val";
    .port_info 4 /INPUT 12 "literal";
    .port_info 5 /INPUT 64 "pc";
    .port_info 6 /INPUT 64 "r31_val";
    .port_info 7 /INPUT 64 "load_data";
    .port_info 8 /OUTPUT 1 "is_write_reg";
    .port_info 9 /OUTPUT 1 "is_write_mem";
    .port_info 10 /OUTPUT 64 "rslt_pc";
    .port_info 11 /OUTPUT 64 "write_data_reg";
    .port_info 12 /OUTPUT 64 "write_address_mem";
    .port_info 13 /OUTPUT 64 "write_data_mem";
L_0x615eef6f8100 .functor OR 1, L_0x615eef6f7f70, L_0x615eef6f8010, C4<0>, C4<0>;
L_0x72211ca8f498 .functor BUFT 1, C4<1>, C4<0>, C4<0>, C4<0>;
L_0x615eef6f8320 .functor OR 1, L_0x615eef6f8100, L_0x72211ca8f498, C4<0>, C4<0>;
L_0x72211ca8f4e0 .functor BUFT 1, C4<1>, C4<0>, C4<0>, C4<0>;
L_0x615eef6f8430 .functor OR 1, L_0x615eef6f8320, L_0x72211ca8f4e0, C4<0>, C4<0>;
L_0x615eef6f8860 .functor OR 1, L_0x615eef6f8680, L_0x615eef6f8770, C4<0>, C4<0>;
L_0x72211ca8f5b8 .functor BUFT 1, C4<1>, C4<0>, C4<0>, C4<0>;
L_0x615eef6f8970 .functor OR 1, L_0x615eef6f8860, L_0x72211ca8f5b8, C4<0>, C4<0>;
L_0x72211ca8f600 .functor BUFT 1, C4<1>, C4<0>, C4<0>, C4<0>;
L_0x615eef6f8a80 .functor OR 1, L_0x615eef6f8970, L_0x72211ca8f600, C4<0>, C4<0>;
L_0x72211ca8f408 .functor BUFT 1, C4<11001>, C4<0>, C4<0>, C4<0>;
v0x615eef6dc3c0_0 .net/2u *"_ivl_0", 4 0, L_0x72211ca8f408;  1 drivers
v0x615eef6dc4c0_0 .net/2u *"_ivl_10", 0 0, L_0x72211ca8f498;  1 drivers
v0x615eef6dc5a0_0 .net *"_ivl_13", 0 0, L_0x615eef6f8320;  1 drivers
v0x615eef6dc640_0 .net/2u *"_ivl_14", 0 0, L_0x72211ca8f4e0;  1 drivers
v0x615eef6dc720_0 .net *"_ivl_17", 0 0, L_0x615eef6f8430;  1 drivers
v0x615eef6dc7e0_0 .net *"_ivl_2", 0 0, L_0x615eef6f7f70;  1 drivers
L_0x72211ca8f528 .functor BUFT 1, C4<11001>, C4<0>, C4<0>, C4<0>;
v0x615eef6dc8a0_0 .net/2u *"_ivl_20", 4 0, L_0x72211ca8f528;  1 drivers
v0x615eef6dc980_0 .net *"_ivl_22", 0 0, L_0x615eef6f8680;  1 drivers
L_0x72211ca8f570 .functor BUFT 1, C4<11011>, C4<0>, C4<0>, C4<0>;
v0x615eef6dca40_0 .net/2u *"_ivl_24", 4 0, L_0x72211ca8f570;  1 drivers
v0x615eef6dcbb0_0 .net *"_ivl_26", 0 0, L_0x615eef6f8770;  1 drivers
v0x615eef6dcc70_0 .net *"_ivl_29", 0 0, L_0x615eef6f8860;  1 drivers
v0x615eef6dcd30_0 .net/2u *"_ivl_30", 0 0, L_0x72211ca8f5b8;  1 drivers
v0x615eef6dce10_0 .net *"_ivl_33", 0 0, L_0x615eef6f8970;  1 drivers
v0x615eef6dced0_0 .net/2u *"_ivl_34", 0 0, L_0x72211ca8f600;  1 drivers
v0x615eef6dcfb0_0 .net *"_ivl_37", 0 0, L_0x615eef6f8a80;  1 drivers
L_0x72211ca8f648 .functor BUFT 1, C4<000000000000000000000000000000000000000000000000000000>, C4<0>, C4<0>, C4<0>;
v0x615eef6dd070_0 .net/2u *"_ivl_38", 53 0, L_0x72211ca8f648;  1 drivers
L_0x72211ca8f450 .functor BUFT 1, C4<11011>, C4<0>, C4<0>, C4<0>;
v0x615eef6dd150_0 .net/2u *"_ivl_4", 4 0, L_0x72211ca8f450;  1 drivers
v0x615eef6dd340_0 .net *"_ivl_40", 65 0, L_0x615eef6f8bd0;  1 drivers
v0x615eef6dd420_0 .net *"_ivl_42", 65 0, L_0x615eef6f8d00;  1 drivers
L_0x72211ca8f690 .functor BUFT 1, C4<00>, C4<0>, C4<0>, C4<0>;
v0x615eef6dd500_0 .net *"_ivl_45", 1 0, L_0x72211ca8f690;  1 drivers
v0x615eef6dd5e0_0 .net *"_ivl_46", 65 0, L_0x615eef6f8df0;  1 drivers
v0x615eef6dd6c0_0 .net *"_ivl_6", 0 0, L_0x615eef6f8010;  1 drivers
v0x615eef6dd780_0 .net *"_ivl_9", 0 0, L_0x615eef6f8100;  1 drivers
v0x615eef6dd840_0 .net "alu_input1", 63 0, L_0x615eef6f8540;  1 drivers
v0x615eef6dd900_0 .net "alu_input2", 63 0, L_0x615eef6f8fd0;  1 drivers
v0x615eef6dd9a0_0 .net "alu_rslt", 63 0, v0x615eef6cde70_0;  1 drivers
v0x615eef6dda40_0 .net "fpu_rslt", 63 0, v0x615eef6daf90_0;  1 drivers
v0x615eef6ddae0_0 .net "is_write_branch", 0 0, v0x615eef6ce1a0_0;  1 drivers
v0x615eef6ddb80_0 .var "is_write_mem", 0 0;
v0x615eef6ddc20_0 .net "is_write_mov_mem", 0 0, v0x615eef6db8e0_0;  1 drivers
v0x615eef6ddcf0_0 .net "is_write_mov_reg", 0 0, v0x615eef6db9a0_0;  1 drivers
v0x615eef6dddc0_0 .var "is_write_reg", 0 0;
v0x615eef6dde60_0 .net "literal", 11 0, L_0x615eef6e5390;  alias, 1 drivers
v0x615eef6de110_0 .net "load_data", 63 0, L_0x615eef6f7500;  alias, 1 drivers
v0x615eef6de1b0_0 .net "new_pc", 63 0, v0x615eef6ce3e0_0;  1 drivers
v0x615eef6de270_0 .net "opcode", 4 0, L_0x615eef6e5000;  alias, 1 drivers
v0x615eef6de310_0 .net "pc", 63 0, v0x615eef6e4270_0;  1 drivers
v0x615eef6de400_0 .net "r31_val", 63 0, L_0x615eef6f7f00;  alias, 1 drivers
v0x615eef6de4d0_0 .net "rd_val", 63 0, L_0x615eef6f61f0;  alias, 1 drivers
v0x615eef6de570_0 .net "rs_val", 63 0, L_0x615eef6e1ef0;  alias, 1 drivers
v0x615eef6de630_0 .var "rslt_pc", 63 0;
v0x615eef6de710_0 .net "rt_val", 63 0, L_0x615eef6f7d30;  alias, 1 drivers
v0x615eef6de7d0_0 .net "write_address_branch", 63 0, v0x615eef6cea80_0;  1 drivers
v0x615eef6de890_0 .var "write_address_mem", 63 0;
v0x615eef6de950_0 .net "write_address_mov_mem", 63 0, v0x615eef6db7e0_0;  1 drivers
v0x615eef6dea40_0 .net "write_data_branch", 63 0, v0x615eef6ceb60_0;  1 drivers
v0x615eef6deb10_0 .var "write_data_mem", 63 0;
v0x615eef6debd0_0 .net "write_data_mov_mem", 63 0, v0x615eef6dc040_0;  1 drivers
v0x615eef6decc0_0 .net "write_data_mov_reg", 63 0, v0x615eef6dc120_0;  1 drivers
v0x615eef6ded90_0 .var "write_data_reg", 63 0;
E_0x615eef5b8af0/0 .event anyedge, v0x615eef6ce620_0, v0x615eef6cd4e0_0, v0x615eef6cde70_0, v0x615eef6daf90_0;
E_0x615eef5b8af0/1 .event anyedge, v0x615eef6ce3e0_0, v0x615eef6ce1a0_0, v0x615eef6cea80_0, v0x615eef6ceb60_0;
E_0x615eef5b8af0/2 .event anyedge, v0x615eef6db9a0_0, v0x615eef6db8e0_0, v0x615eef6dc120_0, v0x615eef6db7e0_0;
E_0x615eef5b8af0/3 .event anyedge, v0x615eef6dc040_0;
E_0x615eef5b8af0 .event/or E_0x615eef5b8af0/0, E_0x615eef5b8af0/1, E_0x615eef5b8af0/2, E_0x615eef5b8af0/3;
L_0x615eef6f7f70 .cmp/eq 5, L_0x615eef6e5000, L_0x72211ca8f408;
L_0x615eef6f8010 .cmp/eq 5, L_0x615eef6e5000, L_0x72211ca8f450;
L_0x615eef6f8540 .functor MUXZ 64, L_0x615eef6e1ef0, L_0x615eef6f61f0, L_0x615eef6f8430, C4<>;
L_0x615eef6f8680 .cmp/eq 5, L_0x615eef6e5000, L_0x72211ca8f528;
L_0x615eef6f8770 .cmp/eq 5, L_0x615eef6e5000, L_0x72211ca8f570;
L_0x615eef6f8bd0 .concat [ 12 54 0 0], L_0x615eef6e5390, L_0x72211ca8f648;
L_0x615eef6f8d00 .concat [ 64 2 0 0], L_0x615eef6f7d30, L_0x72211ca8f690;
L_0x615eef6f8df0 .functor MUXZ 66, L_0x615eef6f8d00, L_0x615eef6f8bd0, L_0x615eef6f8a80, C4<>;
L_0x615eef6f8fd0 .part L_0x615eef6f8df0, 0, 64;
S_0x615eef67b550 .scope module, "alu_unit" "alu" 3 20, 4 1 0, S_0x615eef67afa0;
 .timescale 0 0;
    .port_info 0 /INPUT 5 "opcode";
    .port_info 1 /INPUT 64 "input1";
    .port_info 2 /INPUT 64 "input2";
    .port_info 3 /OUTPUT 64 "rslt";
v0x615eef6cdbf0_0 .net "input1", 63 0, L_0x615eef6f8540;  alias, 1 drivers
v0x615eef6cdcf0_0 .net "input2", 63 0, L_0x615eef6f8fd0;  alias, 1 drivers
v0x615eef6cddd0_0 .net "opcode", 4 0, L_0x615eef6e5000;  alias, 1 drivers
v0x615eef6cde70_0 .var "rslt", 63 0;
E_0x615eef5dc350 .event anyedge, v0x615eef6cd4e0_0, v0x615eef6cdbf0_0, v0x615eef6cdcf0_0;
S_0x615eef67bde0 .scope module, "branch_unit" "branch" 3 37, 5 1 0, S_0x615eef67afa0;
 .timescale 0 0;
    .port_info 0 /INPUT 5 "opcode";
    .port_info 1 /INPUT 64 "rd_val";
    .port_info 2 /INPUT 64 "rs_val";
    .port_info 3 /INPUT 64 "rt_val";
    .port_info 4 /INPUT 12 "literal";
    .port_info 5 /INPUT 64 "pc";
    .port_info 6 /INPUT 64 "r31_val";
    .port_info 7 /INPUT 64 "load_data";
    .port_info 8 /OUTPUT 1 "is_write";
    .port_info 9 /OUTPUT 64 "new_pc";
    .port_info 10 /OUTPUT 64 "write_address";
    .port_info 11 /OUTPUT 64 "write_data";
v0x615eef6ce1a0_0 .var "is_write", 0 0;
v0x615eef6ce280_0 .net/s "literal", 11 0, L_0x615eef6e5390;  alias, 1 drivers
v0x615eef6ce340_0 .net "load_data", 63 0, L_0x615eef6f7500;  alias, 1 drivers
v0x615eef6ce3e0_0 .var "new_pc", 63 0;
v0x615eef6ce4c0_0 .net "opcode", 4 0, L_0x615eef6e5000;  alias, 1 drivers
v0x615eef6ce620_0 .net "pc", 63 0, v0x615eef6e4270_0;  alias, 1 drivers
v0x615eef6ce700_0 .net "r31_val", 63 0, L_0x615eef6f7f00;  alias, 1 drivers
v0x615eef6ce7e0_0 .net "rd_val", 63 0, L_0x615eef6f61f0;  alias, 1 drivers
v0x615eef6ce8c0_0 .net "rs_val", 63 0, L_0x615eef6e1ef0;  alias, 1 drivers
v0x615eef6ce9a0_0 .net "rt_val", 63 0, L_0x615eef6f7d30;  alias, 1 drivers
v0x615eef6cea80_0 .var "write_address", 63 0;
v0x615eef6ceb60_0 .var "write_data", 63 0;
E_0x615eef6baf40/0 .event anyedge, v0x615eef6cd4e0_0, v0x615eef6ce7e0_0, v0x615eef6ce620_0, v0x615eef6cd400_0;
E_0x615eef6baf40/1 .event anyedge, v0x615eef6ce8c0_0, v0x615eef6ce700_0, v0x615eef6ce340_0, v0x615eef6ce9a0_0;
E_0x615eef6baf40 .event/or E_0x615eef6baf40/0, E_0x615eef6baf40/1;
S_0x615eef5e25d0 .scope module, "fpu_unit" "fpu" 3 28, 6 199 0, S_0x615eef67afa0;
 .timescale 0 0;
    .port_info 0 /INPUT 5 "opcode";
    .port_info 1 /INPUT 64 "rs_val";
    .port_info 2 /INPUT 64 "rt_val";
    .port_info 3 /OUTPUT 64 "rslt";
L_0x72211ca8fac8 .functor BUFT 1, C4<0>, C4<0>, C4<0>, C4<0>;
v0x615eef6d9fe0_0 .net *"_ivl_3", 0 0, L_0x72211ca8fac8;  1 drivers
L_0x72211ca8fe70 .functor BUFT 1, C4<10101>, C4<0>, C4<0>, C4<0>;
v0x615eef6da0e0_0 .net/2u *"_ivl_5", 4 0, L_0x72211ca8fe70;  1 drivers
L_0x72211ca8feb8 .functor BUFT 1, C4<10111>, C4<0>, C4<0>, C4<0>;
v0x615eef6da1c0_0 .net/2u *"_ivl_9", 4 0, L_0x72211ca8feb8;  1 drivers
v0x615eef6da280_0 .net/s "add_exp", 12 0, L_0x615eef6fe6c0;  1 drivers
v0x615eef6da390_0 .net "add_mant", 53 0, L_0x615eef6fed00;  1 drivers
v0x615eef6da4f0_0 .net "add_rslt", 63 0, v0x615eef6cf660_0;  1 drivers
v0x615eef6da5b0_0 .net "add_sign", 0 0, L_0x615eef6fe320;  1 drivers
v0x615eef6da6a0_0 .net "is_divide", 0 0, L_0x615eef6fc990;  1 drivers
v0x615eef6da740_0 .net "is_special", 0 0, v0x615eef6d9820_0;  1 drivers
v0x615eef6da7e0_0 .net "is_subtract", 0 0, L_0x615eef6fc850;  1 drivers
v0x615eef6da880_0 .net/s "mult_exp", 12 0, L_0x615eef7005e0;  1 drivers
v0x615eef6da920_0 .net "mult_mant", 53 0, L_0x615eef7008a0;  1 drivers
v0x615eef6daa10_0 .net "mult_rslt", 63 0, v0x615eef6d4cd0_0;  1 drivers
v0x615eef6daab0_0 .net "mult_sign", 0 0, L_0x615eef6fd250;  1 drivers
v0x615eef6daba0_0 .net "opcode", 4 0, L_0x615eef6e5000;  alias, 1 drivers
v0x615eef6dacd0_0 .net "rs_exp", 11 0, L_0x615eef6fb490;  1 drivers
v0x615eef6dad70_0 .net "rs_mant", 52 0, L_0x615eef6fba50;  1 drivers
v0x615eef6dae30_0 .net "rs_sign", 0 0, L_0x615eef6faf50;  1 drivers
v0x615eef6daed0_0 .net "rs_val", 63 0, L_0x615eef6e1ef0;  alias, 1 drivers
v0x615eef6daf90_0 .var "rslt", 63 0;
v0x615eef6db070_0 .net "rt_exp", 11 0, L_0x615eef6fc0b0;  1 drivers
v0x615eef6db130_0 .net "rt_mant", 52 0, L_0x615eef6fc670;  1 drivers
v0x615eef6db1f0_0 .net "rt_sign", 0 0, L_0x615eef6fbc30;  1 drivers
v0x615eef6db290_0 .net "rt_val", 63 0, L_0x615eef6f7d30;  alias, 1 drivers
v0x615eef6db350_0 .net "special_case", 63 0, L_0x615eef6faa80;  1 drivers
E_0x615eef6bc110/0 .event anyedge, v0x615eef6cd4e0_0, v0x615eef6cf660_0, v0x615eef6d4cd0_0, v0x615eef6d9820_0;
E_0x615eef6bc110/1 .event anyedge, v0x615eef6db350_0;
E_0x615eef6bc110 .event/or E_0x615eef6bc110/0, E_0x615eef6bc110/1;
L_0x615eef6faa80 .concat [ 63 1 0 0], v0x615eef6d9e60_0, L_0x72211ca8fac8;
L_0x615eef6fc850 .cmp/eq 5, L_0x615eef6e5000, L_0x72211ca8fe70;
L_0x615eef6fc990 .cmp/eq 5, L_0x615eef6e5000, L_0x72211ca8feb8;
S_0x615eef6cedf0 .scope module, "add_norm" "float_normalizer" 6 233, 6 59 0, S_0x615eef5e25d0;
 .timescale 0 0;
    .port_info 0 /INPUT 1 "sign";
    .port_info 1 /INPUT 13 "exp";
    .port_info 2 /INPUT 54 "mant";
    .port_info 3 /OUTPUT 64 "rslt";
v0x615eef6cf0c0_0 .net/s "exp", 12 0, L_0x615eef6fe6c0;  alias, 1 drivers
v0x615eef6cf1c0_0 .var "found", 0 0;
v0x615eef6cf280_0 .var/i "i", 31 0;
v0x615eef6cf370_0 .net "mant", 53 0, L_0x615eef6fed00;  alias, 1 drivers
v0x615eef6cf450_0 .var/s "norm_exp", 13 0;
v0x615eef6cf580_0 .var "norm_mant", 52 0;
v0x615eef6cf660_0 .var "rslt", 63 0;
v0x615eef6cf740_0 .net "sign", 0 0, L_0x615eef6fe320;  alias, 1 drivers
E_0x615eef6cf020/0 .event anyedge, v0x615eef6cf0c0_0, v0x615eef6cf370_0, v0x615eef6cf740_0, v0x615eef6cf1c0_0;
E_0x615eef6cf020/1 .event anyedge, v0x615eef6cf450_0, v0x615eef6cf580_0;
E_0x615eef6cf020 .event/or E_0x615eef6cf020/0, E_0x615eef6cf020/1;
S_0x615eef6cf880 .scope module, "add_sub" "fpu_add_sub" 6 229, 6 16 0, S_0x615eef5e25d0;
 .timescale 0 0;
    .port_info 0 /INPUT 1 "is_subtract";
    .port_info 1 /INPUT 1 "rs_sign";
    .port_info 2 /INPUT 1 "rt_sign";
    .port_info 3 /INPUT 12 "rs_exp";
    .port_info 4 /INPUT 12 "rt_exp";
    .port_info 5 /INPUT 53 "rs_mant";
    .port_info 6 /INPUT 53 "rt_mant";
    .port_info 7 /OUTPUT 1 "rslt_sign";
    .port_info 8 /OUTPUT 13 "rslt_exp";
    .port_info 9 /OUTPUT 54 "rslt_mant";
L_0x615eef6fcad0 .functor NOT 1, L_0x615eef6fbc30, C4<0>, C4<0>, C4<0>;
L_0x615eef6fce10 .functor AND 1, L_0x615eef6fccd0, L_0x615eef6fcd70, C4<1>, C4<1>;
L_0x615eef6fcf20 .functor OR 1, L_0x615eef6fcc30, L_0x615eef6fce10, C4<0>, C4<0>;
L_0x615eef6fd9d0 .functor XNOR 1, L_0x615eef6faf50, L_0x615eef6fcb40, C4<0>, C4<0>;
v0x615eef6cfb80_0 .net *"_ivl_0", 0 0, L_0x615eef6fcad0;  1 drivers
v0x615eef6cfc60_0 .net *"_ivl_11", 0 0, L_0x615eef6fce10;  1 drivers
v0x615eef6cfd20_0 .net/s *"_ivl_14", 12 0, L_0x615eef6fd030;  1 drivers
v0x615eef6cfde0_0 .net/s *"_ivl_16", 12 0, L_0x615eef6fd0d0;  1 drivers
v0x615eef6cfec0_0 .net/s *"_ivl_18", 12 0, L_0x615eef6fd1b0;  1 drivers
v0x615eef6cfff0_0 .net/s *"_ivl_20", 12 0, L_0x615eef6fd360;  1 drivers
v0x615eef6d00d0_0 .net/s *"_ivl_22", 12 0, L_0x615eef6fd450;  1 drivers
v0x615eef6d01b0_0 .net/s *"_ivl_24", 12 0, L_0x615eef6fd600;  1 drivers
L_0x72211ca8ff00 .functor BUFT 1, C4<0>, C4<0>, C4<0>, C4<0>;
v0x615eef6d0290_0 .net/2u *"_ivl_28", 0 0, L_0x72211ca8ff00;  1 drivers
v0x615eef6d0400_0 .net *"_ivl_30", 53 0, L_0x615eef6fd8e0;  1 drivers
L_0x72211ca8ff48 .functor BUFT 1, C4<0>, C4<0>, C4<0>, C4<0>;
v0x615eef6d04e0_0 .net/2u *"_ivl_32", 0 0, L_0x72211ca8ff48;  1 drivers
v0x615eef6d05c0_0 .net *"_ivl_34", 53 0, L_0x615eef6fda40;  1 drivers
v0x615eef6d06a0_0 .net *"_ivl_36", 53 0, L_0x615eef6fdb30;  1 drivers
v0x615eef6d0780_0 .net *"_ivl_4", 0 0, L_0x615eef6fcc30;  1 drivers
L_0x72211ca8ff90 .functor BUFT 1, C4<0>, C4<0>, C4<0>, C4<0>;
v0x615eef6d0840_0 .net/2u *"_ivl_40", 0 0, L_0x72211ca8ff90;  1 drivers
v0x615eef6d0920_0 .net *"_ivl_42", 53 0, L_0x615eef6fde30;  1 drivers
v0x615eef6d0a00_0 .net *"_ivl_44", 53 0, L_0x615eef6fdfb0;  1 drivers
L_0x72211ca8ffd8 .functor BUFT 1, C4<0>, C4<0>, C4<0>, C4<0>;
v0x615eef6d0ae0_0 .net/2u *"_ivl_46", 0 0, L_0x72211ca8ffd8;  1 drivers
v0x615eef6d0bc0_0 .net *"_ivl_48", 53 0, L_0x615eef6fe0a0;  1 drivers
L_0x72211ca90020 .functor BUFT 1, C4<0>, C4<0>, C4<0>, C4<0>;
v0x615eef6d0ca0_0 .net/2u *"_ivl_54", 0 0, L_0x72211ca90020;  1 drivers
v0x615eef6d0d80_0 .net *"_ivl_56", 12 0, L_0x615eef6fe190;  1 drivers
L_0x72211ca90068 .functor BUFT 1, C4<0>, C4<0>, C4<0>, C4<0>;
v0x615eef6d0e60_0 .net/2u *"_ivl_58", 0 0, L_0x72211ca90068;  1 drivers
v0x615eef6d0f40_0 .net *"_ivl_6", 0 0, L_0x615eef6fccd0;  1 drivers
v0x615eef6d1000_0 .net *"_ivl_60", 12 0, L_0x615eef6fe510;  1 drivers
v0x615eef6d10e0_0 .net *"_ivl_64", 0 0, L_0x615eef6fd9d0;  1 drivers
v0x615eef6d11a0_0 .net *"_ivl_66", 53 0, L_0x615eef6fe830;  1 drivers
v0x615eef6d1280_0 .net *"_ivl_68", 53 0, L_0x615eef6fea40;  1 drivers
v0x615eef6d1360_0 .net *"_ivl_70", 53 0, L_0x615eef6feae0;  1 drivers
v0x615eef6d1440_0 .net *"_ivl_72", 53 0, L_0x615eef6fec60;  1 drivers
v0x615eef6d1520_0 .net *"_ivl_8", 0 0, L_0x615eef6fcd70;  1 drivers
v0x615eef6d15e0_0 .net "exp_shift", 12 0, L_0x615eef6fd7a0;  1 drivers
v0x615eef6d16c0_0 .net "is_subtract", 0 0, L_0x615eef6fc850;  alias, 1 drivers
v0x615eef6d1780_0 .net "new_rt_sign", 0 0, L_0x615eef6fcb40;  1 drivers
v0x615eef6d1a50_0 .net "rs_bigger", 0 0, L_0x615eef6fcf20;  1 drivers
v0x615eef6d1b10_0 .net/s "rs_exp", 11 0, L_0x615eef6fb490;  alias, 1 drivers
v0x615eef6d1bf0_0 .net "rs_mant", 52 0, L_0x615eef6fba50;  alias, 1 drivers
v0x615eef6d1cd0_0 .net "rs_sign", 0 0, L_0x615eef6faf50;  alias, 1 drivers
v0x615eef6d1d90_0 .net/s "rslt_exp", 12 0, L_0x615eef6fe6c0;  alias, 1 drivers
v0x615eef6d1e50_0 .net "rslt_mant", 53 0, L_0x615eef6fed00;  alias, 1 drivers
v0x615eef6d1f20_0 .net "rslt_sign", 0 0, L_0x615eef6fe320;  alias, 1 drivers
v0x615eef6d1ff0_0 .net/s "rt_exp", 11 0, L_0x615eef6fc0b0;  alias, 1 drivers
v0x615eef6d2090_0 .net "rt_mant", 52 0, L_0x615eef6fc670;  alias, 1 drivers
v0x615eef6d2170_0 .net "rt_sign", 0 0, L_0x615eef6fbc30;  alias, 1 drivers
v0x615eef6d2230_0 .net "shifted_rs_mant", 53 0, L_0x615eef6fdcf0;  1 drivers
v0x615eef6d2310_0 .net "shifted_rt_mant", 53 0, L_0x615eef6fe230;  1 drivers
L_0x615eef6fcb40 .functor MUXZ 1, L_0x615eef6fbc30, L_0x615eef6fcad0, L_0x615eef6fc850, C4<>;
L_0x615eef6fcc30 .cmp/gt.s 12, L_0x615eef6fb490, L_0x615eef6fc0b0;
L_0x615eef6fccd0 .cmp/eq 12, L_0x615eef6fb490, L_0x615eef6fc0b0;
L_0x615eef6fcd70 .cmp/ge 53, L_0x615eef6fba50, L_0x615eef6fc670;
L_0x615eef6fd030 .extend/s 13, L_0x615eef6fb490;
L_0x615eef6fd0d0 .extend/s 13, L_0x615eef6fc0b0;
L_0x615eef6fd1b0 .arith/sub 13, L_0x615eef6fd030, L_0x615eef6fd0d0;
L_0x615eef6fd360 .extend/s 13, L_0x615eef6fc0b0;
L_0x615eef6fd450 .extend/s 13, L_0x615eef6fb490;
L_0x615eef6fd600 .arith/sub 13, L_0x615eef6fd360, L_0x615eef6fd450;
L_0x615eef6fd7a0 .functor MUXZ 13, L_0x615eef6fd600, L_0x615eef6fd1b0, L_0x615eef6fcf20, C4<>;
L_0x615eef6fd8e0 .concat [ 53 1 0 0], L_0x615eef6fba50, L_0x72211ca8ff00;
L_0x615eef6fda40 .concat [ 53 1 0 0], L_0x615eef6fba50, L_0x72211ca8ff48;
L_0x615eef6fdb30 .shift/r 54, L_0x615eef6fda40, L_0x615eef6fd7a0;
L_0x615eef6fdcf0 .functor MUXZ 54, L_0x615eef6fdb30, L_0x615eef6fd8e0, L_0x615eef6fcf20, C4<>;
L_0x615eef6fde30 .concat [ 53 1 0 0], L_0x615eef6fc670, L_0x72211ca8ff90;
L_0x615eef6fdfb0 .shift/r 54, L_0x615eef6fde30, L_0x615eef6fd7a0;
L_0x615eef6fe0a0 .concat [ 53 1 0 0], L_0x615eef6fc670, L_0x72211ca8ffd8;
L_0x615eef6fe230 .functor MUXZ 54, L_0x615eef6fe0a0, L_0x615eef6fdfb0, L_0x615eef6fcf20, C4<>;
L_0x615eef6fe320 .functor MUXZ 1, L_0x615eef6fcb40, L_0x615eef6faf50, L_0x615eef6fcf20, C4<>;
L_0x615eef6fe190 .concat [ 12 1 0 0], L_0x615eef6fb490, L_0x72211ca90020;
L_0x615eef6fe510 .concat [ 12 1 0 0], L_0x615eef6fc0b0, L_0x72211ca90068;
L_0x615eef6fe6c0 .functor MUXZ 13, L_0x615eef6fe510, L_0x615eef6fe190, L_0x615eef6fcf20, C4<>;
L_0x615eef6fe830 .arith/sum 54, L_0x615eef6fdcf0, L_0x615eef6fe230;
L_0x615eef6fea40 .arith/sub 54, L_0x615eef6fdcf0, L_0x615eef6fe230;
L_0x615eef6feae0 .arith/sub 54, L_0x615eef6fe230, L_0x615eef6fdcf0;
L_0x615eef6fec60 .functor MUXZ 54, L_0x615eef6feae0, L_0x615eef6fea40, L_0x615eef6fcf20, C4<>;
L_0x615eef6fed00 .functor MUXZ 54, L_0x615eef6fec60, L_0x615eef6fe830, L_0x615eef6fd9d0, C4<>;
S_0x615eef6d2530 .scope module, "mult_div" "fpu_mult_div" 6 230, 6 40 0, S_0x615eef5e25d0;
 .timescale 0 0;
    .port_info 0 /INPUT 1 "is_divide";
    .port_info 1 /INPUT 1 "rs_sign";
    .port_info 2 /INPUT 1 "rt_sign";
    .port_info 3 /INPUT 12 "rs_exp";
    .port_info 4 /INPUT 12 "rt_exp";
    .port_info 5 /INPUT 53 "rs_mant";
    .port_info 6 /INPUT 53 "rt_mant";
    .port_info 7 /OUTPUT 1 "rslt_sign";
    .port_info 8 /OUTPUT 13 "rslt_exp";
    .port_info 9 /OUTPUT 54 "rslt_mant";
L_0x615eef6fd250 .functor XOR 1, L_0x615eef6faf50, L_0x615eef6fbc30, C4<0>, C4<0>;
v0x615eef6d27f0_0 .net *"_ivl_0", 105 0, L_0x615eef6fef80;  1 drivers
L_0x72211ca90140 .functor BUFT 1, C4<0000000000000000000000000000000000000000000000000000>, C4<0>, C4<0>, C4<0>;
v0x615eef6d28d0_0 .net/2u *"_ivl_10", 51 0, L_0x72211ca90140;  1 drivers
v0x615eef6d29b0_0 .net *"_ivl_14", 104 0, L_0x615eef6ff5b0;  1 drivers
L_0x72211ca90188 .functor BUFT 1, C4<0000000000000000000000000000000000000000000000000000>, C4<0>, C4<0>, C4<0>;
v0x615eef6d2aa0_0 .net *"_ivl_17", 51 0, L_0x72211ca90188;  1 drivers
v0x615eef6d2b80_0 .net *"_ivl_18", 104 0, L_0x615eef6ff6a0;  1 drivers
v0x615eef6d2cb0_0 .net/s *"_ivl_24", 12 0, L_0x615eef6ff910;  1 drivers
v0x615eef6d2d90_0 .net/s *"_ivl_26", 12 0, L_0x615eef6ffa00;  1 drivers
v0x615eef6d2e70_0 .net/s *"_ivl_28", 12 0, L_0x615eef6ffaa0;  1 drivers
L_0x72211ca900b0 .functor BUFT 1, C4<00000000000000000000000000000000000000000000000000000>, C4<0>, C4<0>, C4<0>;
v0x615eef6d2f50_0 .net *"_ivl_3", 52 0, L_0x72211ca900b0;  1 drivers
L_0x72211ca901d0 .functor BUFT 1, C4<0001111111111>, C4<0>, C4<0>, C4<0>;
v0x615eef6d3030_0 .net/2s *"_ivl_30", 12 0, L_0x72211ca901d0;  1 drivers
v0x615eef6d3110_0 .net/s *"_ivl_32", 12 0, L_0x615eef6ffcb0;  1 drivers
v0x615eef6d31f0_0 .net/s *"_ivl_34", 12 0, L_0x615eef6ffda0;  1 drivers
v0x615eef6d32d0_0 .net/s *"_ivl_36", 12 0, L_0x615eef6ffeb0;  1 drivers
v0x615eef6d33b0_0 .net/s *"_ivl_38", 12 0, L_0x615eef6fff50;  1 drivers
v0x615eef6d3490_0 .net *"_ivl_4", 105 0, L_0x615eef6ff180;  1 drivers
L_0x72211ca90218 .functor BUFT 1, C4<0001111111111>, C4<0>, C4<0>, C4<0>;
v0x615eef6d3570_0 .net/2s *"_ivl_40", 12 0, L_0x72211ca90218;  1 drivers
v0x615eef6d3650_0 .net/s *"_ivl_42", 12 0, L_0x615eef7004a0;  1 drivers
v0x615eef6d3730_0 .net *"_ivl_47", 53 0, L_0x615eef7007b0;  1 drivers
L_0x72211ca900f8 .functor BUFT 1, C4<00000000000000000000000000000000000000000000000000000>, C4<0>, C4<0>, C4<0>;
v0x615eef6d3810_0 .net *"_ivl_7", 52 0, L_0x72211ca900f8;  1 drivers
v0x615eef6d38f0_0 .net "div_mant", 53 0, L_0x615eef6ff820;  1 drivers
v0x615eef6d39d0_0 .net "is_divide", 0 0, L_0x615eef6fc990;  alias, 1 drivers
v0x615eef6d3a90_0 .net "mult_mant", 105 0, L_0x615eef6ff380;  1 drivers
v0x615eef6d3b70_0 .net/s "rs_exp", 11 0, L_0x615eef6fb490;  alias, 1 drivers
v0x615eef6d3c30_0 .net "rs_mant", 52 0, L_0x615eef6fba50;  alias, 1 drivers
v0x615eef6d3d00_0 .net "rs_mant_padded", 104 0, L_0x615eef6ff4c0;  1 drivers
v0x615eef6d3dc0_0 .net "rs_sign", 0 0, L_0x615eef6faf50;  alias, 1 drivers
v0x615eef6d3e90_0 .net/s "rslt_exp", 12 0, L_0x615eef7005e0;  alias, 1 drivers
v0x615eef6d3f50_0 .net "rslt_mant", 53 0, L_0x615eef7008a0;  alias, 1 drivers
v0x615eef6d4030_0 .net "rslt_sign", 0 0, L_0x615eef6fd250;  alias, 1 drivers
v0x615eef6d40f0_0 .net/s "rt_exp", 11 0, L_0x615eef6fc0b0;  alias, 1 drivers
v0x615eef6d41e0_0 .net "rt_mant", 52 0, L_0x615eef6fc670;  alias, 1 drivers
v0x615eef6d42b0_0 .net "rt_sign", 0 0, L_0x615eef6fbc30;  alias, 1 drivers
L_0x615eef6fef80 .concat [ 53 53 0 0], L_0x615eef6fba50, L_0x72211ca900b0;
L_0x615eef6ff180 .concat [ 53 53 0 0], L_0x615eef6fc670, L_0x72211ca900f8;
L_0x615eef6ff380 .arith/mult 106, L_0x615eef6fef80, L_0x615eef6ff180;
L_0x615eef6ff4c0 .concat [ 52 53 0 0], L_0x72211ca90140, L_0x615eef6fba50;
L_0x615eef6ff5b0 .concat [ 53 52 0 0], L_0x615eef6fc670, L_0x72211ca90188;
L_0x615eef6ff6a0 .arith/div 105, L_0x615eef6ff4c0, L_0x615eef6ff5b0;
L_0x615eef6ff820 .part L_0x615eef6ff6a0, 0, 54;
L_0x615eef6ff910 .extend/s 13, L_0x615eef6fb490;
L_0x615eef6ffa00 .extend/s 13, L_0x615eef6fc0b0;
L_0x615eef6ffaa0 .arith/sub 13, L_0x615eef6ff910, L_0x615eef6ffa00;
L_0x615eef6ffcb0 .arith/sum 13, L_0x615eef6ffaa0, L_0x72211ca901d0;
L_0x615eef6ffda0 .extend/s 13, L_0x615eef6fb490;
L_0x615eef6ffeb0 .extend/s 13, L_0x615eef6fc0b0;
L_0x615eef6fff50 .arith/sum 13, L_0x615eef6ffda0, L_0x615eef6ffeb0;
L_0x615eef7004a0 .arith/sub 13, L_0x615eef6fff50, L_0x72211ca90218;
L_0x615eef7005e0 .functor MUXZ 13, L_0x615eef7004a0, L_0x615eef6ffcb0, L_0x615eef6fc990, C4<>;
L_0x615eef7007b0 .part L_0x615eef6ff380, 52, 54;
L_0x615eef7008a0 .functor MUXZ 54, L_0x615eef7007b0, L_0x615eef6ff820, L_0x615eef6fc990, C4<>;
S_0x615eef6d4480 .scope module, "mult_norm" "float_normalizer" 6 234, 6 59 0, S_0x615eef5e25d0;
 .timescale 0 0;
    .port_info 0 /INPUT 1 "sign";
    .port_info 1 /INPUT 13 "exp";
    .port_info 2 /INPUT 54 "mant";
    .port_info 3 /OUTPUT 64 "rslt";
v0x615eef6d4750_0 .net/s "exp", 12 0, L_0x615eef7005e0;  alias, 1 drivers
v0x615eef6d4860_0 .var "found", 0 0;
v0x615eef6d4900_0 .var/i "i", 31 0;
v0x615eef6d49f0_0 .net "mant", 53 0, L_0x615eef7008a0;  alias, 1 drivers
v0x615eef6d4ae0_0 .var/s "norm_exp", 13 0;
v0x615eef6d4bf0_0 .var "norm_mant", 52 0;
v0x615eef6d4cd0_0 .var "rslt", 63 0;
v0x615eef6d4db0_0 .net "sign", 0 0, L_0x615eef6fd250;  alias, 1 drivers
E_0x615eef6d46b0/0 .event anyedge, v0x615eef6d3e90_0, v0x615eef6d3f50_0, v0x615eef6d4030_0, v0x615eef6d4860_0;
E_0x615eef6d46b0/1 .event anyedge, v0x615eef6d4ae0_0, v0x615eef6d4bf0_0;
E_0x615eef6d46b0 .event/or E_0x615eef6d46b0/0, E_0x615eef6d46b0/1;
S_0x615eef6d4ee0 .scope module, "rs_unpack" "float_unpacker" 6 219, 6 1 0, S_0x615eef5e25d0;
 .timescale 0 0;
    .port_info 0 /INPUT 64 "in";
    .port_info 1 /OUTPUT 1 "sign";
    .port_info 2 /OUTPUT 12 "exp";
    .port_info 3 /OUTPUT 53 "mant";
L_0x72211ca8fb58 .functor BUFT 1, C4<000000000001>, C4<0>, C4<0>, C4<0>;
v0x615eef6d5180_0 .net/2u *"_ivl_10", 11 0, L_0x72211ca8fb58;  1 drivers
L_0x72211ca8fba0 .functor BUFT 1, C4<0>, C4<0>, C4<0>, C4<0>;
v0x615eef6d5280_0 .net/2u *"_ivl_12", 0 0, L_0x72211ca8fba0;  1 drivers
v0x615eef6d5360_0 .net *"_ivl_14", 11 0, L_0x615eef6fb370;  1 drivers
L_0x72211ca8fbe8 .functor BUFT 1, C4<00000000000>, C4<0>, C4<0>, C4<0>;
v0x615eef6d5420_0 .net/2u *"_ivl_18", 10 0, L_0x72211ca8fbe8;  1 drivers
v0x615eef6d5500_0 .net *"_ivl_20", 0 0, L_0x615eef6fb6a0;  1 drivers
L_0x72211ca8fc30 .functor BUFT 1, C4<0>, C4<0>, C4<0>, C4<0>;
v0x615eef6d5610_0 .net/2u *"_ivl_22", 0 0, L_0x72211ca8fc30;  1 drivers
v0x615eef6d56f0_0 .net *"_ivl_24", 52 0, L_0x615eef6fb7d0;  1 drivers
L_0x72211ca8fc78 .functor BUFT 1, C4<1>, C4<0>, C4<0>, C4<0>;
v0x615eef6d57d0_0 .net/2u *"_ivl_26", 0 0, L_0x72211ca8fc78;  1 drivers
v0x615eef6d58b0_0 .net *"_ivl_28", 52 0, L_0x615eef6fb960;  1 drivers
L_0x72211ca8fb10 .functor BUFT 1, C4<00000000000>, C4<0>, C4<0>, C4<0>;
v0x615eef6d5990_0 .net/2u *"_ivl_6", 10 0, L_0x72211ca8fb10;  1 drivers
v0x615eef6d5a70_0 .net *"_ivl_8", 0 0, L_0x615eef6fb220;  1 drivers
v0x615eef6d5b30_0 .net "exp", 11 0, L_0x615eef6fb490;  alias, 1 drivers
v0x615eef6d5bf0_0 .net "in", 63 0, L_0x615eef6e1ef0;  alias, 1 drivers
v0x615eef6d5cb0_0 .net "in_exp", 10 0, L_0x615eef6fb080;  1 drivers
v0x615eef6d5d70_0 .net "in_mant", 51 0, L_0x615eef6fb120;  1 drivers
v0x615eef6d5e50_0 .net "mant", 52 0, L_0x615eef6fba50;  alias, 1 drivers
v0x615eef6d5f60_0 .net "sign", 0 0, L_0x615eef6faf50;  alias, 1 drivers
L_0x615eef6faf50 .part L_0x615eef6e1ef0, 63, 1;
L_0x615eef6fb080 .part L_0x615eef6e1ef0, 52, 11;
L_0x615eef6fb120 .part L_0x615eef6e1ef0, 0, 52;
L_0x615eef6fb220 .cmp/eq 11, L_0x615eef6fb080, L_0x72211ca8fb10;
L_0x615eef6fb370 .concat [ 11 1 0 0], L_0x615eef6fb080, L_0x72211ca8fba0;
L_0x615eef6fb490 .functor MUXZ 12, L_0x615eef6fb370, L_0x72211ca8fb58, L_0x615eef6fb220, C4<>;
L_0x615eef6fb6a0 .cmp/eq 11, L_0x615eef6fb080, L_0x72211ca8fbe8;
L_0x615eef6fb7d0 .concat [ 52 1 0 0], L_0x615eef6fb120, L_0x72211ca8fc30;
L_0x615eef6fb960 .concat [ 52 1 0 0], L_0x615eef6fb120, L_0x72211ca8fc78;
L_0x615eef6fba50 .functor MUXZ 53, L_0x615eef6fb960, L_0x615eef6fb7d0, L_0x615eef6fb6a0, C4<>;
S_0x615eef6d61e0 .scope module, "rt_unpack" "float_unpacker" 6 220, 6 1 0, S_0x615eef5e25d0;
 .timescale 0 0;
    .port_info 0 /INPUT 64 "in";
    .port_info 1 /OUTPUT 1 "sign";
    .port_info 2 /OUTPUT 12 "exp";
    .port_info 3 /OUTPUT 53 "mant";
L_0x72211ca8fd08 .functor BUFT 1, C4<000000000001>, C4<0>, C4<0>, C4<0>;
v0x615eef6d6430_0 .net/2u *"_ivl_10", 11 0, L_0x72211ca8fd08;  1 drivers
L_0x72211ca8fd50 .functor BUFT 1, C4<0>, C4<0>, C4<0>, C4<0>;
v0x615eef6d6530_0 .net/2u *"_ivl_12", 0 0, L_0x72211ca8fd50;  1 drivers
v0x615eef6d6610_0 .net *"_ivl_14", 11 0, L_0x615eef6fbfc0;  1 drivers
L_0x72211ca8fd98 .functor BUFT 1, C4<00000000000>, C4<0>, C4<0>, C4<0>;
v0x615eef6d66d0_0 .net/2u *"_ivl_18", 10 0, L_0x72211ca8fd98;  1 drivers
v0x615eef6d67b0_0 .net *"_ivl_20", 0 0, L_0x615eef6fc2c0;  1 drivers
L_0x72211ca8fde0 .functor BUFT 1, C4<0>, C4<0>, C4<0>, C4<0>;
v0x615eef6d68c0_0 .net/2u *"_ivl_22", 0 0, L_0x72211ca8fde0;  1 drivers
v0x615eef6d69a0_0 .net *"_ivl_24", 52 0, L_0x615eef6fc3f0;  1 drivers
L_0x72211ca8fe28 .functor BUFT 1, C4<1>, C4<0>, C4<0>, C4<0>;
v0x615eef6d6a80_0 .net/2u *"_ivl_26", 0 0, L_0x72211ca8fe28;  1 drivers
v0x615eef6d6b60_0 .net *"_ivl_28", 52 0, L_0x615eef6fc580;  1 drivers
L_0x72211ca8fcc0 .functor BUFT 1, C4<00000000000>, C4<0>, C4<0>, C4<0>;
v0x615eef6d6c40_0 .net/2u *"_ivl_6", 10 0, L_0x72211ca8fcc0;  1 drivers
v0x615eef6d6d20_0 .net *"_ivl_8", 0 0, L_0x615eef6fbea0;  1 drivers
v0x615eef6d6de0_0 .net "exp", 11 0, L_0x615eef6fc0b0;  alias, 1 drivers
v0x615eef6d6ea0_0 .net "in", 63 0, L_0x615eef6f7d30;  alias, 1 drivers
v0x615eef6d6f60_0 .net "in_exp", 10 0, L_0x615eef6fbd60;  1 drivers
v0x615eef6d7020_0 .net "in_mant", 51 0, L_0x615eef6fbe00;  1 drivers
v0x615eef6d7100_0 .net "mant", 52 0, L_0x615eef6fc670;  alias, 1 drivers
v0x615eef6d7210_0 .net "sign", 0 0, L_0x615eef6fbc30;  alias, 1 drivers
L_0x615eef6fbc30 .part L_0x615eef6f7d30, 63, 1;
L_0x615eef6fbd60 .part L_0x615eef6f7d30, 52, 11;
L_0x615eef6fbe00 .part L_0x615eef6f7d30, 0, 52;
L_0x615eef6fbea0 .cmp/eq 11, L_0x615eef6fbd60, L_0x72211ca8fcc0;
L_0x615eef6fbfc0 .concat [ 11 1 0 0], L_0x615eef6fbd60, L_0x72211ca8fd50;
L_0x615eef6fc0b0 .functor MUXZ 12, L_0x615eef6fbfc0, L_0x72211ca8fd08, L_0x615eef6fbea0, C4<>;
L_0x615eef6fc2c0 .cmp/eq 11, L_0x615eef6fbd60, L_0x72211ca8fd98;
L_0x615eef6fc3f0 .concat [ 52 1 0 0], L_0x615eef6fbe00, L_0x72211ca8fde0;
L_0x615eef6fc580 .concat [ 52 1 0 0], L_0x615eef6fbe00, L_0x72211ca8fe28;
L_0x615eef6fc670 .functor MUXZ 53, L_0x615eef6fc580, L_0x615eef6fc3f0, L_0x615eef6fc2c0, C4<>;
S_0x615eef6d7490 .scope module, "special_case_checker" "check_special_case" 6 207, 6 102 0, S_0x615eef5e25d0;
 .timescale 0 0;
    .port_info 0 /INPUT 5 "opcode";
    .port_info 1 /INPUT 64 "input1";
    .port_info 2 /INPUT 64 "input2";
    .port_info 3 /OUTPUT 1 "is_special";
    .port_info 4 /OUTPUT 63 "special_case";
L_0x615eef6f97e0 .functor AND 1, L_0x615eef6f9510, L_0x615eef6f9650, C4<1>, C4<1>;
L_0x615eef6f9bd0 .functor AND 1, L_0x615eef6f98f0, L_0x615eef6f9a30, C4<1>, C4<1>;
L_0x615eef6f9ee0 .functor AND 1, L_0x615eef6f9c90, L_0x615eef6f9d80, C4<1>, C4<1>;
L_0x615eef6f9e70 .functor AND 1, L_0x615eef6f9ff0, L_0x615eef6fa0e0, C4<1>, C4<1>;
L_0x615eef6fa840 .functor AND 1, L_0x615eef6fa5d0, L_0x615eef6fa7a0, C4<1>, C4<1>;
L_0x615eef6fadb0 .functor AND 1, L_0x615eef6fab20, L_0x615eef6fac60, C4<1>, C4<1>;
L_0x72211ca8f6d8 .functor BUFT 1, C4<11111111111>, C4<0>, C4<0>, C4<0>;
v0x615eef6d7720_0 .net/2u *"_ivl_12", 10 0, L_0x72211ca8f6d8;  1 drivers
v0x615eef6d7820_0 .net *"_ivl_14", 0 0, L_0x615eef6f9510;  1 drivers
L_0x72211ca8f720 .functor BUFT 1, C4<0000000000000000000000000000000000000000000000000000>, C4<0>, C4<0>, C4<0>;
v0x615eef6d78e0_0 .net/2u *"_ivl_16", 51 0, L_0x72211ca8f720;  1 drivers
v0x615eef6d79a0_0 .net *"_ivl_18", 0 0, L_0x615eef6f9650;  1 drivers
L_0x72211ca8f768 .functor BUFT 1, C4<11111111111>, C4<0>, C4<0>, C4<0>;
v0x615eef6d7a60_0 .net/2u *"_ivl_22", 10 0, L_0x72211ca8f768;  1 drivers
v0x615eef6d7b90_0 .net *"_ivl_24", 0 0, L_0x615eef6f98f0;  1 drivers
L_0x72211ca8f7b0 .functor BUFT 1, C4<0000000000000000000000000000000000000000000000000000>, C4<0>, C4<0>, C4<0>;
v0x615eef6d7c50_0 .net/2u *"_ivl_26", 51 0, L_0x72211ca8f7b0;  1 drivers
v0x615eef6d7d30_0 .net *"_ivl_28", 0 0, L_0x615eef6f9a30;  1 drivers
L_0x72211ca8f7f8 .functor BUFT 1, C4<11111111111>, C4<0>, C4<0>, C4<0>;
v0x615eef6d7df0_0 .net/2u *"_ivl_32", 10 0, L_0x72211ca8f7f8;  1 drivers
v0x615eef6d7ed0_0 .net *"_ivl_34", 0 0, L_0x615eef6f9c90;  1 drivers
L_0x72211ca8f840 .functor BUFT 1, C4<0000000000000000000000000000000000000000000000000000>, C4<0>, C4<0>, C4<0>;
v0x615eef6d7f90_0 .net/2u *"_ivl_36", 51 0, L_0x72211ca8f840;  1 drivers
v0x615eef6d8070_0 .net *"_ivl_38", 0 0, L_0x615eef6f9d80;  1 drivers
L_0x72211ca8f888 .functor BUFT 1, C4<11111111111>, C4<0>, C4<0>, C4<0>;
v0x615eef6d8130_0 .net/2u *"_ivl_42", 10 0, L_0x72211ca8f888;  1 drivers
v0x615eef6d8210_0 .net *"_ivl_44", 0 0, L_0x615eef6f9ff0;  1 drivers
L_0x72211ca8f8d0 .functor BUFT 1, C4<0000000000000000000000000000000000000000000000000000>, C4<0>, C4<0>, C4<0>;
v0x615eef6d82d0_0 .net/2u *"_ivl_46", 51 0, L_0x72211ca8f8d0;  1 drivers
v0x615eef6d83b0_0 .net *"_ivl_48", 0 0, L_0x615eef6fa0e0;  1 drivers
v0x615eef6d8470_0 .net *"_ivl_52", 31 0, L_0x615eef6fa320;  1 drivers
L_0x72211ca8f918 .functor BUFT 1, C4<000000000000000000000>, C4<0>, C4<0>, C4<0>;
v0x615eef6d8660_0 .net *"_ivl_55", 20 0, L_0x72211ca8f918;  1 drivers
L_0x72211ca8f960 .functor BUFT 1, C4<00000000000000000000000000000000>, C4<0>, C4<0>, C4<0>;
v0x615eef6d8740_0 .net/2u *"_ivl_56", 31 0, L_0x72211ca8f960;  1 drivers
v0x615eef6d8820_0 .net *"_ivl_58", 0 0, L_0x615eef6fa5d0;  1 drivers
L_0x72211ca8f9a8 .functor BUFT 1, C4<0000000000000000000000000000000000000000000000000000>, C4<0>, C4<0>, C4<0>;
v0x615eef6d88e0_0 .net/2u *"_ivl_60", 51 0, L_0x72211ca8f9a8;  1 drivers
v0x615eef6d89c0_0 .net *"_ivl_62", 0 0, L_0x615eef6fa7a0;  1 drivers
v0x615eef6d8a80_0 .net *"_ivl_66", 31 0, L_0x615eef6fa950;  1 drivers
L_0x72211ca8f9f0 .functor BUFT 1, C4<000000000000000000000>, C4<0>, C4<0>, C4<0>;
v0x615eef6d8b60_0 .net *"_ivl_69", 20 0, L_0x72211ca8f9f0;  1 drivers
L_0x72211ca8fa38 .functor BUFT 1, C4<00000000000000000000000000000000>, C4<0>, C4<0>, C4<0>;
v0x615eef6d8c40_0 .net/2u *"_ivl_70", 31 0, L_0x72211ca8fa38;  1 drivers
v0x615eef6d8d20_0 .net *"_ivl_72", 0 0, L_0x615eef6fab20;  1 drivers
L_0x72211ca8fa80 .functor BUFT 1, C4<0000000000000000000000000000000000000000000000000000>, C4<0>, C4<0>, C4<0>;
v0x615eef6d8de0_0 .net/2u *"_ivl_74", 51 0, L_0x72211ca8fa80;  1 drivers
v0x615eef6d8ec0_0 .net *"_ivl_76", 0 0, L_0x615eef6fac60;  1 drivers
v0x615eef6d8f80_0 .net "exp1", 10 0, L_0x615eef6f9250;  1 drivers
v0x615eef6d9060_0 .net "exp2", 10 0, L_0x615eef6f9390;  1 drivers
v0x615eef6d9140_0 .net "input1", 63 0, L_0x615eef6e1ef0;  alias, 1 drivers
v0x615eef6d9200_0 .net "input2", 63 0, L_0x615eef6f7d30;  alias, 1 drivers
v0x615eef6d9310_0 .net "is_inf1", 0 0, L_0x615eef6f9ee0;  1 drivers
v0x615eef6d95e0_0 .net "is_inf2", 0 0, L_0x615eef6f9e70;  1 drivers
v0x615eef6d96a0_0 .net "is_nan1", 0 0, L_0x615eef6f97e0;  1 drivers
v0x615eef6d9760_0 .net "is_nan2", 0 0, L_0x615eef6f9bd0;  1 drivers
v0x615eef6d9820_0 .var "is_special", 0 0;
v0x615eef6d98e0_0 .net "is_zero1", 0 0, L_0x615eef6fa840;  1 drivers
v0x615eef6d99a0_0 .net "is_zero2", 0 0, L_0x615eef6fadb0;  1 drivers
v0x615eef6d9a60_0 .net "mant1", 51 0, L_0x615eef6f92f0;  1 drivers
v0x615eef6d9b40_0 .net "mant2", 51 0, L_0x615eef6f9430;  1 drivers
v0x615eef6d9c20_0 .net "opcode", 4 0, L_0x615eef6e5000;  alias, 1 drivers
v0x615eef6d9ce0_0 .net "sign1", 0 0, L_0x615eef6f9110;  1 drivers
v0x615eef6d9da0_0 .net "sign2", 0 0, L_0x615eef6f91b0;  1 drivers
v0x615eef6d9e60_0 .var "special_case", 62 0;
E_0x615eef6d7670/0 .event anyedge, v0x615eef6d96a0_0, v0x615eef6d9760_0, v0x615eef6d9310_0, v0x615eef6d95e0_0;
E_0x615eef6d7670/1 .event anyedge, v0x615eef6cd4e0_0, v0x615eef6d9ce0_0, v0x615eef6d9da0_0, v0x615eef6d99a0_0;
E_0x615eef6d7670/2 .event anyedge, v0x615eef6d98e0_0;
E_0x615eef6d7670 .event/or E_0x615eef6d7670/0, E_0x615eef6d7670/1, E_0x615eef6d7670/2;
L_0x615eef6f9110 .part L_0x615eef6e1ef0, 63, 1;
L_0x615eef6f91b0 .part L_0x615eef6f7d30, 63, 1;
L_0x615eef6f9250 .part L_0x615eef6e1ef0, 52, 11;
L_0x615eef6f92f0 .part L_0x615eef6e1ef0, 0, 52;
L_0x615eef6f9390 .part L_0x615eef6f7d30, 52, 11;
L_0x615eef6f9430 .part L_0x615eef6f7d30, 0, 52;
L_0x615eef6f9510 .cmp/eq 11, L_0x615eef6f9250, L_0x72211ca8f6d8;
L_0x615eef6f9650 .cmp/ne 52, L_0x615eef6f92f0, L_0x72211ca8f720;
L_0x615eef6f98f0 .cmp/eq 11, L_0x615eef6f9390, L_0x72211ca8f768;
L_0x615eef6f9a30 .cmp/ne 52, L_0x615eef6f9430, L_0x72211ca8f7b0;
L_0x615eef6f9c90 .cmp/eq 11, L_0x615eef6f9250, L_0x72211ca8f7f8;
L_0x615eef6f9d80 .cmp/eq 52, L_0x615eef6f92f0, L_0x72211ca8f840;
L_0x615eef6f9ff0 .cmp/eq 11, L_0x615eef6f9390, L_0x72211ca8f888;
L_0x615eef6fa0e0 .cmp/eq 52, L_0x615eef6f9430, L_0x72211ca8f8d0;
L_0x615eef6fa320 .concat [ 11 21 0 0], L_0x615eef6f9250, L_0x72211ca8f918;
L_0x615eef6fa5d0 .cmp/eq 32, L_0x615eef6fa320, L_0x72211ca8f960;
L_0x615eef6fa7a0 .cmp/eq 52, L_0x615eef6f92f0, L_0x72211ca8f9a8;
L_0x615eef6fa950 .concat [ 11 21 0 0], L_0x615eef6f9390, L_0x72211ca8f9f0;
L_0x615eef6fab20 .cmp/eq 32, L_0x615eef6fa950, L_0x72211ca8fa38;
L_0x615eef6fac60 .cmp/eq 52, L_0x615eef6f9430, L_0x72211ca8fa80;
S_0x615eef6db4b0 .scope module, "mov_unit" "mov" 3 54, 7 1 0, S_0x615eef67afa0;
 .timescale 0 0;
    .port_info 0 /INPUT 5 "opcode";
    .port_info 1 /INPUT 64 "rd_val";
    .port_info 2 /INPUT 64 "rs_val";
    .port_info 3 /INPUT 64 "rt_val";
    .port_info 4 /INPUT 12 "literal";
    .port_info 5 /INPUT 64 "load_data";
    .port_info 6 /OUTPUT 1 "is_write_mem";
    .port_info 7 /OUTPUT 1 "is_write_reg";
    .port_info 8 /OUTPUT 64 "write_data_mem";
    .port_info 9 /OUTPUT 64 "write_data_reg";
    .port_info 10 /OUTPUT 64 "data_address_mem";
v0x615eef6db7e0_0 .var "data_address_mem", 63 0;
v0x615eef6db8e0_0 .var "is_write_mem", 0 0;
v0x615eef6db9a0_0 .var "is_write_reg", 0 0;
v0x615eef6dba40_0 .net/s "literal", 11 0, L_0x615eef6e5390;  alias, 1 drivers
v0x615eef6dbb50_0 .net "load_data", 63 0, L_0x615eef6f7500;  alias, 1 drivers
v0x615eef6dbc60_0 .net "opcode", 4 0, L_0x615eef6e5000;  alias, 1 drivers
v0x615eef6dbd00_0 .net "rd_val", 63 0, L_0x615eef6f61f0;  alias, 1 drivers
v0x615eef6dbdc0_0 .net "rs_val", 63 0, L_0x615eef6e1ef0;  alias, 1 drivers
v0x615eef6dbe60_0 .net "rt_val", 63 0, L_0x615eef6f7d30;  alias, 1 drivers
v0x615eef6dc040_0 .var "write_data_mem", 63 0;
v0x615eef6dc120_0 .var "write_data_reg", 63 0;
E_0x615eef6db750/0 .event anyedge, v0x615eef6cd4e0_0, v0x615eef6ce8c0_0, v0x615eef6cd400_0, v0x615eef6ce340_0;
E_0x615eef6db750/1 .event anyedge, v0x615eef6ce7e0_0;
E_0x615eef6db750 .event/or E_0x615eef6db750/0, E_0x615eef6db750/1;
S_0x615eef6df010 .scope module, "memory" "memory" 2 40, 8 1 0, S_0x615eef5e29d0;
 .timescale 0 0;
    .port_info 0 /INPUT 1 "clk";
    .port_info 1 /INPUT 64 "address";
    .port_info 2 /INPUT 64 "pc";
    .port_info 3 /INPUT 1 "is_write";
    .port_info 4 /INPUT 64 "write_data";
    .port_info 5 /OUTPUT 64 "read_data";
    .port_info 6 /OUTPUT 32 "instruction";
P_0x615eef6df1d0 .param/l "MEM_SIZE" 1 8 10, +C4<0000000000000000000000000000000000000000000010000000000000000000>;
v0x615eef6df410_0 .net *"_ivl_0", 7 0, L_0x615eef6e5430;  1 drivers
v0x615eef6df510_0 .net *"_ivl_10", 63 0, L_0x615eef6f56b0;  1 drivers
v0x615eef6df5f0_0 .net *"_ivl_12", 7 0, L_0x615eef6f5820;  1 drivers
L_0x72211ca8f0a8 .functor BUFT 1, C4<0000000000000000000000000000000000000000000000000000000000000001>, C4<0>, C4<0>, C4<0>;
v0x615eef6df6e0_0 .net/2u *"_ivl_14", 63 0, L_0x72211ca8f0a8;  1 drivers
v0x615eef6df7c0_0 .net *"_ivl_16", 63 0, L_0x615eef6f58c0;  1 drivers
v0x615eef6df8f0_0 .net *"_ivl_18", 7 0, L_0x615eef6f5a40;  1 drivers
L_0x72211ca8f018 .functor BUFT 1, C4<0000000000000000000000000000000000000000000000000000000000000011>, C4<0>, C4<0>, C4<0>;
v0x615eef6df9d0_0 .net/2u *"_ivl_2", 63 0, L_0x72211ca8f018;  1 drivers
L_0x72211ca8f0f0 .functor BUFT 1, C4<0000000000000000000000000000000000000000000000000000000000000000>, C4<0>, C4<0>, C4<0>;
v0x615eef6dfab0_0 .net/2u *"_ivl_22", 63 0, L_0x72211ca8f0f0;  1 drivers
v0x615eef6dfb90_0 .net *"_ivl_24", 7 0, L_0x615eef6f5e20;  1 drivers
L_0x72211ca8f138 .functor BUFT 1, C4<0000000000000000000000000000000000000000000000000000000000000111>, C4<0>, C4<0>, C4<0>;
v0x615eef6dfc70_0 .net/2u *"_ivl_26", 63 0, L_0x72211ca8f138;  1 drivers
v0x615eef6dfd50_0 .net *"_ivl_28", 63 0, L_0x615eef6f5f10;  1 drivers
v0x615eef6dfe30_0 .net *"_ivl_30", 7 0, L_0x615eef6f60b0;  1 drivers
L_0x72211ca8f180 .functor BUFT 1, C4<0000000000000000000000000000000000000000000000000000000000000110>, C4<0>, C4<0>, C4<0>;
v0x615eef6dff10_0 .net/2u *"_ivl_32", 63 0, L_0x72211ca8f180;  1 drivers
v0x615eef6dfff0_0 .net *"_ivl_34", 63 0, L_0x615eef6f6150;  1 drivers
v0x615eef6e00d0_0 .net *"_ivl_36", 7 0, L_0x615eef6f6260;  1 drivers
L_0x72211ca8f1c8 .functor BUFT 1, C4<0000000000000000000000000000000000000000000000000000000000000101>, C4<0>, C4<0>, C4<0>;
v0x615eef6e01b0_0 .net/2u *"_ivl_38", 63 0, L_0x72211ca8f1c8;  1 drivers
v0x615eef6e0290_0 .net *"_ivl_4", 63 0, L_0x615eef6f54e0;  1 drivers
v0x615eef6e0370_0 .net *"_ivl_40", 63 0, L_0x615eef6f6300;  1 drivers
v0x615eef6e0450_0 .net *"_ivl_42", 7 0, L_0x615eef6f64c0;  1 drivers
L_0x72211ca8f210 .functor BUFT 1, C4<0000000000000000000000000000000000000000000000000000000000000100>, C4<0>, C4<0>, C4<0>;
v0x615eef6e0530_0 .net/2u *"_ivl_44", 63 0, L_0x72211ca8f210;  1 drivers
v0x615eef6e0610_0 .net *"_ivl_46", 63 0, L_0x615eef6f6560;  1 drivers
v0x615eef6e06f0_0 .net *"_ivl_48", 7 0, L_0x615eef6f6730;  1 drivers
L_0x72211ca8f258 .functor BUFT 1, C4<0000000000000000000000000000000000000000000000000000000000000011>, C4<0>, C4<0>, C4<0>;
v0x615eef6e07d0_0 .net/2u *"_ivl_50", 63 0, L_0x72211ca8f258;  1 drivers
v0x615eef6e08b0_0 .net *"_ivl_52", 63 0, L_0x615eef6f6890;  1 drivers
v0x615eef6e0990_0 .net *"_ivl_54", 7 0, L_0x615eef6f6a20;  1 drivers
L_0x72211ca8f2a0 .functor BUFT 1, C4<0000000000000000000000000000000000000000000000000000000000000010>, C4<0>, C4<0>, C4<0>;
v0x615eef6e0a70_0 .net/2u *"_ivl_56", 63 0, L_0x72211ca8f2a0;  1 drivers
v0x615eef6e0b50_0 .net *"_ivl_58", 63 0, L_0x615eef6f6af0;  1 drivers
v0x615eef6e0c30_0 .net *"_ivl_6", 7 0, L_0x615eef6f5610;  1 drivers
v0x615eef6e0d10_0 .net *"_ivl_60", 7 0, L_0x615eef6f6980;  1 drivers
L_0x72211ca8f2e8 .functor BUFT 1, C4<0000000000000000000000000000000000000000000000000000000000000001>, C4<0>, C4<0>, C4<0>;
v0x615eef6e0df0_0 .net/2u *"_ivl_62", 63 0, L_0x72211ca8f2e8;  1 drivers
v0x615eef6e0ed0_0 .net *"_ivl_64", 63 0, L_0x615eef6f6e20;  1 drivers
v0x615eef6e0fb0_0 .net *"_ivl_66", 7 0, L_0x615eef6f7020;  1 drivers
v0x615eef6e1090_0 .net *"_ivl_68", 63 0, L_0x615eef6f70c0;  1 drivers
L_0x72211ca8f060 .functor BUFT 1, C4<0000000000000000000000000000000000000000000000000000000000000010>, C4<0>, C4<0>, C4<0>;
v0x615eef6e1380_0 .net/2u *"_ivl_8", 63 0, L_0x72211ca8f060;  1 drivers
v0x615eef6e1460_0 .net "address", 63 0, v0x615eef6de890_0;  alias, 1 drivers
v0x615eef6e1520 .array "bytes", 524287 0, 7 0;
v0x615eef6e15c0_0 .net "clk", 0 0, o0x72211cadbe88;  alias, 0 drivers
v0x615eef6e1680_0 .var/i "i", 31 0;
v0x615eef6e1760_0 .net "instruction", 31 0, L_0x615eef6f5ae0;  alias, 1 drivers
v0x615eef6e1850_0 .net "is_write", 0 0, v0x615eef6ddb80_0;  alias, 1 drivers
v0x615eef6e1920_0 .net "pc", 63 0, v0x615eef6e4270_0;  alias, 1 drivers
v0x615eef6e19c0_0 .net "read_data", 63 0, L_0x615eef6f7500;  alias, 1 drivers
v0x615eef6e1a60_0 .net "write_data", 63 0, v0x615eef6deb10_0;  alias, 1 drivers
E_0x615eef6df3b0 .event posedge, v0x615eef6e15c0_0;
L_0x615eef6e5430 .array/port v0x615eef6e1520, L_0x615eef6f54e0;
L_0x615eef6f54e0 .arith/sum 64, v0x615eef6e4270_0, L_0x72211ca8f018;
L_0x615eef6f5610 .array/port v0x615eef6e1520, L_0x615eef6f56b0;
L_0x615eef6f56b0 .arith/sum 64, v0x615eef6e4270_0, L_0x72211ca8f060;
L_0x615eef6f5820 .array/port v0x615eef6e1520, L_0x615eef6f58c0;
L_0x615eef6f58c0 .arith/sum 64, v0x615eef6e4270_0, L_0x72211ca8f0a8;
L_0x615eef6f5a40 .array/port v0x615eef6e1520, v0x615eef6e4270_0;
L_0x615eef6f5ae0 .concat [ 8 8 8 8], L_0x615eef6f5a40, L_0x615eef6f5820, L_0x615eef6f5610, L_0x615eef6e5430;
L_0x615eef6f5e20 .array/port v0x615eef6e1520, L_0x615eef6f5f10;
L_0x615eef6f5f10 .arith/sum 64, v0x615eef6de890_0, L_0x72211ca8f138;
L_0x615eef6f60b0 .array/port v0x615eef6e1520, L_0x615eef6f6150;
L_0x615eef6f6150 .arith/sum 64, v0x615eef6de890_0, L_0x72211ca8f180;
L_0x615eef6f6260 .array/port v0x615eef6e1520, L_0x615eef6f6300;
L_0x615eef6f6300 .arith/sum 64, v0x615eef6de890_0, L_0x72211ca8f1c8;
L_0x615eef6f64c0 .array/port v0x615eef6e1520, L_0x615eef6f6560;
L_0x615eef6f6560 .arith/sum 64, v0x615eef6de890_0, L_0x72211ca8f210;
L_0x615eef6f6730 .array/port v0x615eef6e1520, L_0x615eef6f6890;
L_0x615eef6f6890 .arith/sum 64, v0x615eef6de890_0, L_0x72211ca8f258;
L_0x615eef6f6a20 .array/port v0x615eef6e1520, L_0x615eef6f6af0;
L_0x615eef6f6af0 .arith/sum 64, v0x615eef6de890_0, L_0x72211ca8f2a0;
L_0x615eef6f6980 .array/port v0x615eef6e1520, L_0x615eef6f6e20;
L_0x615eef6f6e20 .arith/sum 64, v0x615eef6de890_0, L_0x72211ca8f2e8;
L_0x615eef6f7020 .array/port v0x615eef6e1520, v0x615eef6de890_0;
LS_0x615eef6f70c0_0_0 .concat [ 8 8 8 8], L_0x615eef6f7020, L_0x615eef6f6980, L_0x615eef6f6a20, L_0x615eef6f6730;
LS_0x615eef6f70c0_0_4 .concat [ 8 8 8 8], L_0x615eef6f64c0, L_0x615eef6f6260, L_0x615eef6f60b0, L_0x615eef6f5e20;
L_0x615eef6f70c0 .concat [ 32 32 0 0], LS_0x615eef6f70c0_0_0, LS_0x615eef6f70c0_0_4;
L_0x615eef6f7500 .functor MUXZ 64, L_0x615eef6f70c0, L_0x72211ca8f0f0, v0x615eef6ddb80_0, C4<>;
S_0x615eef6e1c20 .scope module, "reg_file" "register_file" 2 51, 8 30 0, S_0x615eef5e29d0;
 .timescale 0 0;
    .port_info 0 /INPUT 1 "clk";
    .port_info 1 /INPUT 1 "is_write";
    .port_info 2 /INPUT 1 "reset";
    .port_info 3 /INPUT 5 "write_reg";
    .port_info 4 /INPUT 5 "read_reg1";
    .port_info 5 /INPUT 5 "read_reg2";
    .port_info 6 /INPUT 5 "read_reg3";
    .port_info 7 /INPUT 64 "write_data";
    .port_info 8 /OUTPUT 64 "read_data1";
    .port_info 9 /OUTPUT 64 "read_data2";
    .port_info 10 /OUTPUT 64 "read_data3";
    .port_info 11 /OUTPUT 64 "r31_val";
P_0x615eef6e1e00 .param/l "MEM_SIZE" 1 8 40, +C4<0000000000000000000000000000000000000000000010000000000000000000>;
L_0x615eef6f61f0 .functor BUFZ 64, L_0x615eef6f7640, C4<0000000000000000000000000000000000000000000000000000000000000000>, C4<0000000000000000000000000000000000000000000000000000000000000000>, C4<0000000000000000000000000000000000000000000000000000000000000000>;
L_0x615eef6e1ef0 .functor BUFZ 64, L_0x615eef6f7870, C4<0000000000000000000000000000000000000000000000000000000000000000>, C4<0000000000000000000000000000000000000000000000000000000000000000>, C4<0000000000000000000000000000000000000000000000000000000000000000>;
L_0x615eef6f7d30 .functor BUFZ 64, L_0x615eef6f7b60, C4<0000000000000000000000000000000000000000000000000000000000000000>, C4<0000000000000000000000000000000000000000000000000000000000000000>, C4<0000000000000000000000000000000000000000000000000000000000000000>;
v0x615eef6e3280_31 .array/port v0x615eef6e3280, 31;
L_0x615eef6f7f00 .functor BUFZ 64, v0x615eef6e3280_31, C4<0000000000000000000000000000000000000000000000000000000000000000>, C4<0000000000000000000000000000000000000000000000000000000000000000>, C4<0000000000000000000000000000000000000000000000000000000000000000>;
v0x615eef6e2390_0 .net *"_ivl_0", 63 0, L_0x615eef6f7640;  1 drivers
v0x615eef6e2490_0 .net *"_ivl_10", 6 0, L_0x615eef6f7910;  1 drivers
L_0x72211ca8f378 .functor BUFT 1, C4<00>, C4<0>, C4<0>, C4<0>;
v0x615eef6e2570_0 .net *"_ivl_13", 1 0, L_0x72211ca8f378;  1 drivers
v0x615eef6e2660_0 .net *"_ivl_16", 63 0, L_0x615eef6f7b60;  1 drivers
v0x615eef6e2740_0 .net *"_ivl_18", 6 0, L_0x615eef6f7c00;  1 drivers
v0x615eef6e2870_0 .net *"_ivl_2", 6 0, L_0x615eef6f76e0;  1 drivers
L_0x72211ca8f3c0 .functor BUFT 1, C4<00>, C4<0>, C4<0>, C4<0>;
v0x615eef6e2950_0 .net *"_ivl_21", 1 0, L_0x72211ca8f3c0;  1 drivers
L_0x72211ca8f330 .functor BUFT 1, C4<00>, C4<0>, C4<0>, C4<0>;
v0x615eef6e2a30_0 .net *"_ivl_5", 1 0, L_0x72211ca8f330;  1 drivers
v0x615eef6e2b10_0 .net *"_ivl_8", 63 0, L_0x615eef6f7870;  1 drivers
v0x615eef6e2bf0_0 .net "clk", 0 0, o0x72211cadbe88;  alias, 0 drivers
v0x615eef6e2c90_0 .net "is_write", 0 0, v0x615eef6dddc0_0;  alias, 1 drivers
v0x615eef6e2d60_0 .net "r31_val", 63 0, L_0x615eef6f7f00;  alias, 1 drivers
v0x615eef6e2e00_0 .net "read_data1", 63 0, L_0x615eef6f61f0;  alias, 1 drivers
v0x615eef6e2ea0_0 .net "read_data2", 63 0, L_0x615eef6e1ef0;  alias, 1 drivers
v0x615eef6e2f60_0 .net "read_data3", 63 0, L_0x615eef6f7d30;  alias, 1 drivers
v0x615eef6e3020_0 .net "read_reg1", 4 0, L_0x615eef6e51b0;  alias, 1 drivers
v0x615eef6e30e0_0 .net "read_reg2", 4 0, L_0x615eef6e5250;  alias, 1 drivers
v0x615eef6e31b0_0 .net "read_reg3", 4 0, L_0x615eef6e52f0;  alias, 1 drivers
v0x615eef6e3280 .array "registers", 31 0, 63 0;
v0x615eef6e3830_0 .net "reset", 0 0, o0x72211cadc818;  alias, 0 drivers
v0x615eef6e38f0_0 .net "write_data", 63 0, v0x615eef6ded90_0;  alias, 1 drivers
v0x615eef6e39e0_0 .net "write_reg", 4 0, L_0x615eef6e51b0;  alias, 1 drivers
L_0x615eef6f7640 .array/port v0x615eef6e3280, L_0x615eef6f76e0;
L_0x615eef6f76e0 .concat [ 5 2 0 0], L_0x615eef6e51b0, L_0x72211ca8f330;
L_0x615eef6f7870 .array/port v0x615eef6e3280, L_0x615eef6f7910;
L_0x615eef6f7910 .concat [ 5 2 0 0], L_0x615eef6e5250, L_0x72211ca8f378;
L_0x615eef6f7b60 .array/port v0x615eef6e3280, L_0x615eef6f7c00;
L_0x615eef6f7c00 .concat [ 5 2 0 0], L_0x615eef6e52f0, L_0x72211ca8f3c0;
S_0x615eef6e2090 .scope begin, "$ivl_for_loop0" "$ivl_for_loop0" 8 45, 8 45 0, S_0x615eef6e1c20;
 .timescale 0 0;
v0x615eef6e2290_0 .var/i "i", 31 0;
    .scope S_0x615eef6df010;
T_0 ;
    %wait E_0x615eef6df3b0;
    %load/vec4 v0x615eef6e1850_0;
    %flag_set/vec4 8;
    %jmp/0xz  T_0.0, 8;
    %pushi/vec4 0, 0, 32;
    %store/vec4 v0x615eef6e1680_0, 0, 32;
T_0.2 ;
    %load/vec4 v0x615eef6e1680_0;
    %cmpi/s 8, 0, 32;
    %jmp/0xz T_0.3, 5;
    %load/vec4 v0x615eef6e1a60_0;
    %load/vec4 v0x615eef6e1680_0;
    %muli 8, 0, 32;
    %part/s 8;
    %load/vec4 v0x615eef6e1460_0;
    %load/vec4 v0x615eef6e1680_0;
    %pad/u 64;
    %add;
    %ix/vec4 3;
    %ix/load 4, 0, 0; Constant delay
    %assign/vec4/a/d v0x615eef6e1520, 0, 4;
    %load/vec4 v0x615eef6e1680_0;
    %addi 1, 0, 32;
    %store/vec4 v0x615eef6e1680_0, 0, 32;
    %jmp T_0.2;
T_0.3 ;
T_0.0 ;
    %jmp T_0;
    .thread T_0;
    .scope S_0x615eef6e1c20;
T_1 ;
    %wait E_0x615eef6df3b0;
    %load/vec4 v0x615eef6e3830_0;
    %flag_set/vec4 8;
    %jmp/0xz  T_1.0, 8;
    %fork t_1, S_0x615eef6e2090;
    %jmp t_0;
    .scope S_0x615eef6e2090;
t_1 ;
    %pushi/vec4 0, 0, 32;
    %store/vec4 v0x615eef6e2290_0, 0, 32;
T_1.2 ;
    %load/vec4 v0x615eef6e2290_0;
    %cmpi/s 31, 0, 32;
    %jmp/0xz T_1.3, 5;
    %pushi/vec4 0, 0, 64;
    %ix/getv/s 3, v0x615eef6e2290_0;
    %ix/load 4, 0, 0; Constant delay
    %assign/vec4/a/d v0x615eef6e3280, 0, 4;
    %load/vec4 v0x615eef6e2290_0;
    %addi 1, 0, 32;
    %store/vec4 v0x615eef6e2290_0, 0, 32;
    %jmp T_1.2;
T_1.3 ;
    %end;
    .scope S_0x615eef6e1c20;
t_0 %join;
    %pushi/vec4 524288, 0, 64;
    %ix/load 3, 31, 0;
    %flag_set/imm 4, 0;
    %ix/load 4, 0, 0; Constant delay
    %assign/vec4/a/d v0x615eef6e3280, 0, 4;
    %jmp T_1.1;
T_1.0 ;
    %load/vec4 v0x615eef6e2c90_0;
    %flag_set/vec4 8;
    %jmp/0xz  T_1.4, 8;
    %load/vec4 v0x615eef6e38f0_0;
    %load/vec4 v0x615eef6e39e0_0;
    %pad/u 7;
    %ix/vec4 3;
    %ix/load 4, 0, 0; Constant delay
    %assign/vec4/a/d v0x615eef6e3280, 0, 4;
T_1.4 ;
T_1.1 ;
    %jmp T_1;
    .thread T_1;
    .scope S_0x615eef67b550;
T_2 ;
    %wait E_0x615eef5dc350;
    %load/vec4 v0x615eef6cddd0_0;
    %dup/vec4;
    %pushi/vec4 24, 0, 5;
    %cmp/u;
    %jmp/1 T_2.0, 6;
    %dup/vec4;
    %pushi/vec4 25, 0, 5;
    %cmp/u;
    %jmp/1 T_2.1, 6;
    %dup/vec4;
    %pushi/vec4 26, 0, 5;
    %cmp/u;
    %jmp/1 T_2.2, 6;
    %dup/vec4;
    %pushi/vec4 27, 0, 5;
    %cmp/u;
    %jmp/1 T_2.3, 6;
    %dup/vec4;
    %pushi/vec4 28, 0, 5;
    %cmp/u;
    %jmp/1 T_2.4, 6;
    %dup/vec4;
    %pushi/vec4 29, 0, 5;
    %cmp/u;
    %jmp/1 T_2.5, 6;
    %dup/vec4;
    %pushi/vec4 0, 0, 5;
    %cmp/u;
    %jmp/1 T_2.6, 6;
    %dup/vec4;
    %pushi/vec4 1, 0, 5;
    %cmp/u;
    %jmp/1 T_2.7, 6;
    %dup/vec4;
    %pushi/vec4 2, 0, 5;
    %cmp/u;
    %jmp/1 T_2.8, 6;
    %dup/vec4;
    %pushi/vec4 3, 0, 5;
    %cmp/u;
    %jmp/1 T_2.9, 6;
    %dup/vec4;
    %pushi/vec4 4, 0, 5;
    %cmp/u;
    %jmp/1 T_2.10, 6;
    %dup/vec4;
    %pushi/vec4 5, 0, 5;
    %cmp/u;
    %jmp/1 T_2.11, 6;
    %dup/vec4;
    %pushi/vec4 6, 0, 5;
    %cmp/u;
    %jmp/1 T_2.12, 6;
    %dup/vec4;
    %pushi/vec4 7, 0, 5;
    %cmp/u;
    %jmp/1 T_2.13, 6;
    %pushi/vec4 0, 0, 64;
    %store/vec4 v0x615eef6cde70_0, 0, 64;
    %jmp T_2.15;
T_2.0 ;
    %load/vec4 v0x615eef6cdbf0_0;
    %load/vec4 v0x615eef6cdcf0_0;
    %add;
    %store/vec4 v0x615eef6cde70_0, 0, 64;
    %jmp T_2.15;
T_2.1 ;
    %load/vec4 v0x615eef6cdbf0_0;
    %load/vec4 v0x615eef6cdcf0_0;
    %add;
    %store/vec4 v0x615eef6cde70_0, 0, 64;
    %jmp T_2.15;
T_2.2 ;
    %load/vec4 v0x615eef6cdbf0_0;
    %load/vec4 v0x615eef6cdcf0_0;
    %sub;
    %store/vec4 v0x615eef6cde70_0, 0, 64;
    %jmp T_2.15;
T_2.3 ;
    %load/vec4 v0x615eef6cdbf0_0;
    %load/vec4 v0x615eef6cdcf0_0;
    %sub;
    %store/vec4 v0x615eef6cde70_0, 0, 64;
    %jmp T_2.15;
T_2.4 ;
    %load/vec4 v0x615eef6cdbf0_0;
    %load/vec4 v0x615eef6cdcf0_0;
    %mul;
    %store/vec4 v0x615eef6cde70_0, 0, 64;
    %jmp T_2.15;
T_2.5 ;
    %load/vec4 v0x615eef6cdbf0_0;
    %load/vec4 v0x615eef6cdcf0_0;
    %div/s;
    %store/vec4 v0x615eef6cde70_0, 0, 64;
    %jmp T_2.15;
T_2.6 ;
    %load/vec4 v0x615eef6cdbf0_0;
    %load/vec4 v0x615eef6cdcf0_0;
    %and;
    %store/vec4 v0x615eef6cde70_0, 0, 64;
    %jmp T_2.15;
T_2.7 ;
    %load/vec4 v0x615eef6cdbf0_0;
    %load/vec4 v0x615eef6cdcf0_0;
    %or;
    %store/vec4 v0x615eef6cde70_0, 0, 64;
    %jmp T_2.15;
T_2.8 ;
    %load/vec4 v0x615eef6cdbf0_0;
    %load/vec4 v0x615eef6cdcf0_0;
    %xor;
    %store/vec4 v0x615eef6cde70_0, 0, 64;
    %jmp T_2.15;
T_2.9 ;
    %load/vec4 v0x615eef6cdbf0_0;
    %inv;
    %store/vec4 v0x615eef6cde70_0, 0, 64;
    %jmp T_2.15;
T_2.10 ;
    %load/vec4 v0x615eef6cdbf0_0;
    %ix/getv 4, v0x615eef6cdcf0_0;
    %shiftr 4;
    %store/vec4 v0x615eef6cde70_0, 0, 64;
    %jmp T_2.15;
T_2.11 ;
    %load/vec4 v0x615eef6cdbf0_0;
    %ix/getv 4, v0x615eef6cdcf0_0;
    %shiftr 4;
    %store/vec4 v0x615eef6cde70_0, 0, 64;
    %jmp T_2.15;
T_2.12 ;
    %load/vec4 v0x615eef6cdbf0_0;
    %ix/getv 4, v0x615eef6cdcf0_0;
    %shiftl 4;
    %store/vec4 v0x615eef6cde70_0, 0, 64;
    %jmp T_2.15;
T_2.13 ;
    %load/vec4 v0x615eef6cdbf0_0;
    %ix/getv 4, v0x615eef6cdcf0_0;
    %shiftl 4;
    %store/vec4 v0x615eef6cde70_0, 0, 64;
    %jmp T_2.15;
T_2.15 ;
    %pop/vec4 1;
    %jmp T_2;
    .thread T_2, $push;
    .scope S_0x615eef6d7490;
T_3 ;
    %wait E_0x615eef6d7670;
    %pushi/vec4 0, 0, 1;
    %store/vec4 v0x615eef6d9820_0, 0, 1;
    %pushi/vec4 0, 0, 63;
    %store/vec4 v0x615eef6d9e60_0, 0, 63;
    %load/vec4 v0x615eef6d96a0_0;
    %flag_set/vec4 8;
    %jmp/1 T_3.2, 8;
    %load/vec4 v0x615eef6d9760_0;
    %flag_set/vec4 9;
    %flag_or 8, 9;
T_3.2;
    %jmp/0xz  T_3.0, 8;
    %pushi/vec4 1, 0, 1;
    %store/vec4 v0x615eef6d9820_0, 0, 1;
    %pushi/vec4 4292870144, 0, 32;
    %concati/vec4 1, 0, 31;
    %store/vec4 v0x615eef6d9e60_0, 0, 63;
    %jmp T_3.1;
T_3.0 ;
    %load/vec4 v0x615eef6d9310_0;
    %flag_set/vec4 9;
    %flag_get/vec4 9;
    %jmp/0 T_3.5, 9;
    %load/vec4 v0x615eef6d95e0_0;
    %and;
T_3.5;
    %flag_set/vec4 8;
    %jmp/0xz  T_3.3, 8;
    %pushi/vec4 1, 0, 1;
    %store/vec4 v0x615eef6d9820_0, 0, 1;
    %load/vec4 v0x615eef6d9c20_0;
    %cmpi/e 20, 0, 5;
    %flag_get/vec4 4;
    %jmp/0 T_3.10, 4;
    %load/vec4 v0x615eef6d9ce0_0;
    %load/vec4 v0x615eef6d9da0_0;
    %cmp/ne;
    %flag_get/vec4 4;
    %and;
T_3.10;
    %flag_set/vec4 8;
    %jmp/1 T_3.9, 8;
    %load/vec4 v0x615eef6d9c20_0;
    %cmpi/e 21, 0, 5;
    %flag_get/vec4 4;
    %jmp/0 T_3.11, 4;
    %load/vec4 v0x615eef6d9ce0_0;
    %load/vec4 v0x615eef6d9da0_0;
    %cmp/e;
    %flag_get/vec4 4;
    %and;
T_3.11;
    %flag_set/vec4 9;
    %flag_or 8, 9;
T_3.9;
    %jmp/1 T_3.8, 8;
    %load/vec4 v0x615eef6d9c20_0;
    %cmpi/e 23, 0, 5;
    %flag_or 8, 4;
T_3.8;
    %jmp/0xz  T_3.6, 8;
    %pushi/vec4 4292870144, 0, 32;
    %concati/vec4 1, 0, 31;
    %store/vec4 v0x615eef6d9e60_0, 0, 63;
    %jmp T_3.7;
T_3.6 ;
    %load/vec4 v0x615eef6d9c20_0;
    %cmpi/e 22, 0, 5;
    %jmp/0xz  T_3.12, 4;
    %load/vec4 v0x615eef6d9ce0_0;
    %load/vec4 v0x615eef6d9da0_0;
    %xor;
    %concati/vec4 2047, 0, 11;
    %concati/vec4 0, 0, 52;
    %pad/u 63;
    %store/vec4 v0x615eef6d9e60_0, 0, 63;
    %jmp T_3.13;
T_3.12 ;
    %load/vec4 v0x615eef6d9ce0_0;
    %concati/vec4 2047, 0, 11;
    %concati/vec4 0, 0, 52;
    %pad/u 63;
    %store/vec4 v0x615eef6d9e60_0, 0, 63;
T_3.13 ;
T_3.7 ;
    %jmp T_3.4;
T_3.3 ;
    %load/vec4 v0x615eef6d9310_0;
    %flag_set/vec4 9;
    %flag_get/vec4 9;
    %jmp/0 T_3.17, 9;
    %load/vec4 v0x615eef6d99a0_0;
    %and;
T_3.17;
    %flag_set/vec4 8;
    %jmp/1 T_3.16, 8;
    %load/vec4 v0x615eef6d98e0_0;
    %flag_set/vec4 10;
    %flag_get/vec4 10;
    %jmp/0 T_3.18, 10;
    %load/vec4 v0x615eef6d95e0_0;
    %and;
T_3.18;
    %flag_set/vec4 9;
    %flag_or 8, 9;
T_3.16;
    %jmp/0xz  T_3.14, 8;
    %pushi/vec4 1, 0, 1;
    %store/vec4 v0x615eef6d9820_0, 0, 1;
    %load/vec4 v0x615eef6d9c20_0;
    %cmpi/e 22, 0, 5;
    %jmp/0xz  T_3.19, 4;
    %pushi/vec4 4292870144, 0, 32;
    %concati/vec4 1, 0, 31;
    %store/vec4 v0x615eef6d9e60_0, 0, 63;
    %jmp T_3.20;
T_3.19 ;
    %load/vec4 v0x615eef6d9310_0;
    %flag_set/vec4 9;
    %flag_get/vec4 9;
    %jmp/0 T_3.23, 9;
    %load/vec4 v0x615eef6d9c20_0;
    %pushi/vec4 23, 0, 5;
    %cmp/e;
    %flag_get/vec4 4;
    %and;
T_3.23;
    %flag_set/vec4 8;
    %jmp/0xz  T_3.21, 8;
    %load/vec4 v0x615eef6d9ce0_0;
    %load/vec4 v0x615eef6d9da0_0;
    %xor;
    %concati/vec4 2047, 0, 11;
    %concati/vec4 0, 0, 52;
    %pad/u 63;
    %store/vec4 v0x615eef6d9e60_0, 0, 63;
    %jmp T_3.22;
T_3.21 ;
    %load/vec4 v0x615eef6d98e0_0;
    %flag_set/vec4 9;
    %flag_get/vec4 9;
    %jmp/0 T_3.26, 9;
    %load/vec4 v0x615eef6d9c20_0;
    %pushi/vec4 23, 0, 5;
    %cmp/e;
    %flag_get/vec4 4;
    %and;
T_3.26;
    %flag_set/vec4 8;
    %jmp/0xz  T_3.24, 8;
    %load/vec4 v0x615eef6d9ce0_0;
    %load/vec4 v0x615eef6d9da0_0;
    %xor;
    %concati/vec4 0, 0, 63;
    %pad/u 63;
    %store/vec4 v0x615eef6d9e60_0, 0, 63;
    %jmp T_3.25;
T_3.24 ;
    %load/vec4 v0x615eef6d9c20_0;
    %cmpi/e 21, 0, 5;
    %flag_get/vec4 4;
    %jmp/0 T_3.29, 4;
    %load/vec4 v0x615eef6d95e0_0;
    %and;
T_3.29;
    %flag_set/vec4 8;
    %jmp/0xz  T_3.27, 8;
    %load/vec4 v0x615eef6d9da0_0;
    %inv;
    %concati/vec4 2047, 0, 11;
    %concati/vec4 0, 0, 52;
    %pad/u 63;
    %store/vec4 v0x615eef6d9e60_0, 0, 63;
    %jmp T_3.28;
T_3.27 ;
    %load/vec4 v0x615eef6d9310_0;
    %flag_set/vec4 8;
    %jmp/0 T_3.30, 8;
    %load/vec4 v0x615eef6d9ce0_0;
    %concati/vec4 2047, 0, 11;
    %concati/vec4 0, 0, 52;
    %jmp/1 T_3.31, 8;
T_3.30 ; End of true expr.
    %load/vec4 v0x615eef6d9da0_0;
    %concati/vec4 2047, 0, 11;
    %concati/vec4 0, 0, 52;
    %jmp/0 T_3.31, 8;
 ; End of false expr.
    %blend;
T_3.31;
    %pad/u 63;
    %store/vec4 v0x615eef6d9e60_0, 0, 63;
T_3.28 ;
T_3.25 ;
T_3.22 ;
T_3.20 ;
    %jmp T_3.15;
T_3.14 ;
    %load/vec4 v0x615eef6d98e0_0;
    %flag_set/vec4 9;
    %flag_get/vec4 9;
    %jmp/0 T_3.34, 9;
    %load/vec4 v0x615eef6d99a0_0;
    %and;
T_3.34;
    %flag_set/vec4 8;
    %jmp/0xz  T_3.32, 8;
    %pushi/vec4 1, 0, 1;
    %store/vec4 v0x615eef6d9820_0, 0, 1;
    %load/vec4 v0x615eef6d9c20_0;
    %cmpi/e 20, 0, 5;
    %jmp/0xz  T_3.35, 4;
    %load/vec4 v0x615eef6d9ce0_0;
    %load/vec4 v0x615eef6d9da0_0;
    %and;
    %concati/vec4 0, 0, 63;
    %pad/u 63;
    %store/vec4 v0x615eef6d9e60_0, 0, 63;
    %jmp T_3.36;
T_3.35 ;
    %load/vec4 v0x615eef6d9c20_0;
    %cmpi/e 21, 0, 5;
    %jmp/0xz  T_3.37, 4;
    %load/vec4 v0x615eef6d9ce0_0;
    %load/vec4 v0x615eef6d9da0_0;
    %inv;
    %and;
    %concati/vec4 0, 0, 63;
    %pad/u 63;
    %store/vec4 v0x615eef6d9e60_0, 0, 63;
    %jmp T_3.38;
T_3.37 ;
    %load/vec4 v0x615eef6d9c20_0;
    %cmpi/e 22, 0, 5;
    %jmp/0xz  T_3.39, 4;
    %load/vec4 v0x615eef6d9ce0_0;
    %load/vec4 v0x615eef6d9da0_0;
    %xor;
    %concati/vec4 0, 0, 63;
    %pad/u 63;
    %store/vec4 v0x615eef6d9e60_0, 0, 63;
    %jmp T_3.40;
T_3.39 ;
    %load/vec4 v0x615eef6d9c20_0;
    %cmpi/e 23, 0, 5;
    %jmp/0xz  T_3.41, 4;
    %pushi/vec4 4292870144, 0, 32;
    %concati/vec4 1, 0, 31;
    %store/vec4 v0x615eef6d9e60_0, 0, 63;
T_3.41 ;
T_3.40 ;
T_3.38 ;
T_3.36 ;
    %jmp T_3.33;
T_3.32 ;
    %load/vec4 v0x615eef6d99a0_0;
    %flag_set/vec4 9;
    %flag_get/vec4 9;
    %jmp/0 T_3.45, 9;
    %load/vec4 v0x615eef6d9c20_0;
    %pushi/vec4 23, 0, 5;
    %cmp/e;
    %flag_get/vec4 4;
    %and;
T_3.45;
    %flag_set/vec4 8;
    %jmp/0xz  T_3.43, 8;
    %pushi/vec4 1, 0, 1;
    %store/vec4 v0x615eef6d9820_0, 0, 1;
    %load/vec4 v0x615eef6d9ce0_0;
    %load/vec4 v0x615eef6d9da0_0;
    %xor;
    %concati/vec4 2047, 0, 11;
    %concati/vec4 0, 0, 52;
    %pad/u 63;
    %store/vec4 v0x615eef6d9e60_0, 0, 63;
    %jmp T_3.44;
T_3.43 ;
    %load/vec4 v0x615eef6d9310_0;
    %flag_set/vec4 8;
    %jmp/1 T_3.48, 8;
    %load/vec4 v0x615eef6d95e0_0;
    %flag_set/vec4 9;
    %flag_or 8, 9;
T_3.48;
    %jmp/0xz  T_3.46, 8;
    %pushi/vec4 1, 0, 1;
    %store/vec4 v0x615eef6d9820_0, 0, 1;
    %load/vec4 v0x615eef6d9c20_0;
    %cmpi/e 22, 0, 5;
    %jmp/0xz  T_3.49, 4;
    %load/vec4 v0x615eef6d9ce0_0;
    %load/vec4 v0x615eef6d9da0_0;
    %xor;
    %concati/vec4 2047, 0, 11;
    %concati/vec4 0, 0, 52;
    %pad/u 63;
    %store/vec4 v0x615eef6d9e60_0, 0, 63;
    %jmp T_3.50;
T_3.49 ;
    %load/vec4 v0x615eef6d9c20_0;
    %cmpi/e 23, 0, 5;
    %jmp/0xz  T_3.51, 4;
    %load/vec4 v0x615eef6d9310_0;
    %flag_set/vec4 8;
    %jmp/0xz  T_3.53, 8;
    %load/vec4 v0x615eef6d9ce0_0;
    %load/vec4 v0x615eef6d9da0_0;
    %xor;
    %concati/vec4 2047, 0, 11;
    %concati/vec4 0, 0, 52;
    %pad/u 63;
    %store/vec4 v0x615eef6d9e60_0, 0, 63;
    %jmp T_3.54;
T_3.53 ;
    %load/vec4 v0x615eef6d9ce0_0;
    %load/vec4 v0x615eef6d9da0_0;
    %xor;
    %concati/vec4 0, 0, 63;
    %pad/u 63;
    %store/vec4 v0x615eef6d9e60_0, 0, 63;
T_3.54 ;
    %jmp T_3.52;
T_3.51 ;
    %load/vec4 v0x615eef6d9c20_0;
    %cmpi/e 20, 0, 5;
    %jmp/0xz  T_3.55, 4;
    %load/vec4 v0x615eef6d9310_0;
    %flag_set/vec4 8;
    %jmp/0 T_3.57, 8;
    %load/vec4 v0x615eef6d9ce0_0;
    %concati/vec4 2047, 0, 11;
    %concati/vec4 0, 0, 52;
    %jmp/1 T_3.58, 8;
T_3.57 ; End of true expr.
    %load/vec4 v0x615eef6d9da0_0;
    %concati/vec4 2047, 0, 11;
    %concati/vec4 0, 0, 52;
    %jmp/0 T_3.58, 8;
 ; End of false expr.
    %blend;
T_3.58;
    %pad/u 63;
    %store/vec4 v0x615eef6d9e60_0, 0, 63;
    %jmp T_3.56;
T_3.55 ;
    %load/vec4 v0x615eef6d9c20_0;
    %cmpi/e 21, 0, 5;
    %jmp/0xz  T_3.59, 4;
    %load/vec4 v0x615eef6d9310_0;
    %flag_set/vec4 8;
    %jmp/0 T_3.61, 8;
    %load/vec4 v0x615eef6d9ce0_0;
    %concati/vec4 2047, 0, 11;
    %concati/vec4 0, 0, 52;
    %jmp/1 T_3.62, 8;
T_3.61 ; End of true expr.
    %load/vec4 v0x615eef6d9da0_0;
    %inv;
    %concati/vec4 2047, 0, 11;
    %concati/vec4 0, 0, 52;
    %jmp/0 T_3.62, 8;
 ; End of false expr.
    %blend;
T_3.62;
    %pad/u 63;
    %store/vec4 v0x615eef6d9e60_0, 0, 63;
T_3.59 ;
T_3.56 ;
T_3.52 ;
T_3.50 ;
T_3.46 ;
T_3.44 ;
T_3.33 ;
T_3.15 ;
T_3.4 ;
T_3.1 ;
    %jmp T_3;
    .thread T_3, $push;
    .scope S_0x615eef6cedf0;
T_4 ;
    %wait E_0x615eef6cf020;
    %load/vec4 v0x615eef6cf0c0_0;
    %pad/s 14;
    %store/vec4 v0x615eef6cf450_0, 0, 14;
    %load/vec4 v0x615eef6cf370_0;
    %pad/u 53;
    %store/vec4 v0x615eef6cf580_0, 0, 53;
    %pushi/vec4 0, 0, 1;
    %store/vec4 v0x615eef6cf1c0_0, 0, 1;
    %load/vec4 v0x615eef6cf370_0;
    %cmpi/e 0, 0, 54;
    %jmp/0xz  T_4.0, 4;
    %load/vec4 v0x615eef6cf740_0;
    %concati/vec4 0, 0, 63;
    %store/vec4 v0x615eef6cf660_0, 0, 64;
    %jmp T_4.1;
T_4.0 ;
    %load/vec4 v0x615eef6cf370_0;
    %parti/s 1, 53, 7;
    %cmpi/e 1, 0, 1;
    %jmp/0xz  T_4.2, 4;
    %load/vec4 v0x615eef6cf370_0;
    %ix/load 4, 1, 0;
    %flag_set/imm 4, 0;
    %shiftr 4;
    %pad/u 53;
    %store/vec4 v0x615eef6cf580_0, 0, 53;
    %load/vec4 v0x615eef6cf0c0_0;
    %pad/s 14;
    %addi 1, 0, 14;
    %store/vec4 v0x615eef6cf450_0, 0, 14;
    %jmp T_4.3;
T_4.2 ;
    %pushi/vec4 52, 0, 32;
    %store/vec4 v0x615eef6cf280_0, 0, 32;
T_4.4 ;
    %load/vec4 v0x615eef6cf280_0;
    %cmpi/s 0, 0, 32;
    %flag_inv 5; GE is !LT
    %jmp/0xz T_4.5, 5;
    %load/vec4 v0x615eef6cf370_0;
    %load/vec4 v0x615eef6cf280_0;
    %part/s 1;
    %cmpi/e 1, 0, 1;
    %flag_get/vec4 4;
    %jmp/0 T_4.8, 4;
    %load/vec4 v0x615eef6cf1c0_0;
    %nor/r;
    %and;
T_4.8;
    %flag_set/vec4 8;
    %jmp/0xz  T_4.6, 8;
    %load/vec4 v0x615eef6cf370_0;
    %pushi/vec4 52, 0, 32;
    %load/vec4 v0x615eef6cf280_0;
    %sub;
    %ix/vec4 4;
    %shiftl 4;
    %pad/u 53;
    %store/vec4 v0x615eef6cf580_0, 0, 53;
    %load/vec4 v0x615eef6cf0c0_0;
    %pad/s 32;
    %pushi/vec4 52, 0, 32;
    %load/vec4 v0x615eef6cf280_0;
    %sub;
    %sub;
    %pad/s 14;
    %store/vec4 v0x615eef6cf450_0, 0, 14;
    %pushi/vec4 1, 0, 1;
    %store/vec4 v0x615eef6cf1c0_0, 0, 1;
T_4.6 ;
    %load/vec4 v0x615eef6cf280_0;
    %subi 1, 0, 32;
    %store/vec4 v0x615eef6cf280_0, 0, 32;
    %jmp T_4.4;
T_4.5 ;
T_4.3 ;
T_4.1 ;
    %load/vec4 v0x615eef6cf450_0;
    %pad/s 32;
    %cmpi/s 2047, 0, 32;
    %flag_inv 5; GE is !LT
    %jmp/0xz  T_4.9, 5;
    %load/vec4 v0x615eef6cf740_0;
    %concati/vec4 2047, 0, 11;
    %concati/vec4 0, 0, 52;
    %store/vec4 v0x615eef6cf660_0, 0, 64;
    %jmp T_4.10;
T_4.9 ;
    %load/vec4 v0x615eef6cf450_0;
    %pad/s 32;
    %cmpi/s 0, 0, 32;
    %flag_or 5, 4;
    %flag_get/vec4 5;
    %jmp/0 T_4.13, 5;
    %load/vec4 v0x615eef6cf580_0;
    %pushi/vec4 0, 0, 53;
    %cmp/ne;
    %flag_get/vec4 4;
    %and;
T_4.13;
    %flag_set/vec4 8;
    %jmp/0xz  T_4.11, 8;
    %load/vec4 v0x615eef6cf580_0;
    %pushi/vec4 1, 0, 32;
    %load/vec4 v0x615eef6cf450_0;
    %pad/s 32;
    %sub;
    %ix/vec4 4;
    %shiftr 4;
    %store/vec4 v0x615eef6cf580_0, 0, 53;
    %load/vec4 v0x615eef6cf740_0;
    %concati/vec4 0, 0, 11;
    %load/vec4 v0x615eef6cf580_0;
    %parti/s 52, 0, 2;
    %concat/vec4; draw_concat_vec4
    %store/vec4 v0x615eef6cf660_0, 0, 64;
    %jmp T_4.12;
T_4.11 ;
    %load/vec4 v0x615eef6cf450_0;
    %pad/s 32;
    %cmpi/ne 0, 0, 32;
    %flag_get/vec4 4;
    %jmp/0 T_4.16, 4;
    %load/vec4 v0x615eef6cf580_0;
    %pushi/vec4 0, 0, 53;
    %cmp/ne;
    %flag_get/vec4 4;
    %and;
T_4.16;
    %flag_set/vec4 8;
    %jmp/0xz  T_4.14, 8;
    %load/vec4 v0x615eef6cf740_0;
    %load/vec4 v0x615eef6cf450_0;
    %parti/s 11, 0, 2;
    %concat/vec4; draw_concat_vec4
    %load/vec4 v0x615eef6cf580_0;
    %parti/s 52, 0, 2;
    %concat/vec4; draw_concat_vec4
    %store/vec4 v0x615eef6cf660_0, 0, 64;
T_4.14 ;
T_4.12 ;
T_4.10 ;
    %jmp T_4;
    .thread T_4, $push;
    .scope S_0x615eef6d4480;
T_5 ;
    %wait E_0x615eef6d46b0;
    %load/vec4 v0x615eef6d4750_0;
    %pad/s 14;
    %store/vec4 v0x615eef6d4ae0_0, 0, 14;
    %load/vec4 v0x615eef6d49f0_0;
    %pad/u 53;
    %store/vec4 v0x615eef6d4bf0_0, 0, 53;
    %pushi/vec4 0, 0, 1;
    %store/vec4 v0x615eef6d4860_0, 0, 1;
    %load/vec4 v0x615eef6d49f0_0;
    %cmpi/e 0, 0, 54;
    %jmp/0xz  T_5.0, 4;
    %load/vec4 v0x615eef6d4db0_0;
    %concati/vec4 0, 0, 63;
    %store/vec4 v0x615eef6d4cd0_0, 0, 64;
    %jmp T_5.1;
T_5.0 ;
    %load/vec4 v0x615eef6d49f0_0;
    %parti/s 1, 53, 7;
    %cmpi/e 1, 0, 1;
    %jmp/0xz  T_5.2, 4;
    %load/vec4 v0x615eef6d49f0_0;
    %ix/load 4, 1, 0;
    %flag_set/imm 4, 0;
    %shiftr 4;
    %pad/u 53;
    %store/vec4 v0x615eef6d4bf0_0, 0, 53;
    %load/vec4 v0x615eef6d4750_0;
    %pad/s 14;
    %addi 1, 0, 14;
    %store/vec4 v0x615eef6d4ae0_0, 0, 14;
    %jmp T_5.3;
T_5.2 ;
    %pushi/vec4 52, 0, 32;
    %store/vec4 v0x615eef6d4900_0, 0, 32;
T_5.4 ;
    %load/vec4 v0x615eef6d4900_0;
    %cmpi/s 0, 0, 32;
    %flag_inv 5; GE is !LT
    %jmp/0xz T_5.5, 5;
    %load/vec4 v0x615eef6d49f0_0;
    %load/vec4 v0x615eef6d4900_0;
    %part/s 1;
    %cmpi/e 1, 0, 1;
    %flag_get/vec4 4;
    %jmp/0 T_5.8, 4;
    %load/vec4 v0x615eef6d4860_0;
    %nor/r;
    %and;
T_5.8;
    %flag_set/vec4 8;
    %jmp/0xz  T_5.6, 8;
    %load/vec4 v0x615eef6d49f0_0;
    %pushi/vec4 52, 0, 32;
    %load/vec4 v0x615eef6d4900_0;
    %sub;
    %ix/vec4 4;
    %shiftl 4;
    %pad/u 53;
    %store/vec4 v0x615eef6d4bf0_0, 0, 53;
    %load/vec4 v0x615eef6d4750_0;
    %pad/s 32;
    %pushi/vec4 52, 0, 32;
    %load/vec4 v0x615eef6d4900_0;
    %sub;
    %sub;
    %pad/s 14;
    %store/vec4 v0x615eef6d4ae0_0, 0, 14;
    %pushi/vec4 1, 0, 1;
    %store/vec4 v0x615eef6d4860_0, 0, 1;
T_5.6 ;
    %load/vec4 v0x615eef6d4900_0;
    %subi 1, 0, 32;
    %store/vec4 v0x615eef6d4900_0, 0, 32;
    %jmp T_5.4;
T_5.5 ;
T_5.3 ;
T_5.1 ;
    %load/vec4 v0x615eef6d4ae0_0;
    %pad/s 32;
    %cmpi/s 2047, 0, 32;
    %flag_inv 5; GE is !LT
    %jmp/0xz  T_5.9, 5;
    %load/vec4 v0x615eef6d4db0_0;
    %concati/vec4 2047, 0, 11;
    %concati/vec4 0, 0, 52;
    %store/vec4 v0x615eef6d4cd0_0, 0, 64;
    %jmp T_5.10;
T_5.9 ;
    %load/vec4 v0x615eef6d4ae0_0;
    %pad/s 32;
    %cmpi/s 0, 0, 32;
    %flag_or 5, 4;
    %flag_get/vec4 5;
    %jmp/0 T_5.13, 5;
    %load/vec4 v0x615eef6d4bf0_0;
    %pushi/vec4 0, 0, 53;
    %cmp/ne;
    %flag_get/vec4 4;
    %and;
T_5.13;
    %flag_set/vec4 8;
    %jmp/0xz  T_5.11, 8;
    %load/vec4 v0x615eef6d4bf0_0;
    %pushi/vec4 1, 0, 32;
    %load/vec4 v0x615eef6d4ae0_0;
    %pad/s 32;
    %sub;
    %ix/vec4 4;
    %shiftr 4;
    %store/vec4 v0x615eef6d4bf0_0, 0, 53;
    %load/vec4 v0x615eef6d4db0_0;
    %concati/vec4 0, 0, 11;
    %load/vec4 v0x615eef6d4bf0_0;
    %parti/s 52, 0, 2;
    %concat/vec4; draw_concat_vec4
    %store/vec4 v0x615eef6d4cd0_0, 0, 64;
    %jmp T_5.12;
T_5.11 ;
    %load/vec4 v0x615eef6d4ae0_0;
    %pad/s 32;
    %cmpi/ne 0, 0, 32;
    %flag_get/vec4 4;
    %jmp/0 T_5.16, 4;
    %load/vec4 v0x615eef6d4bf0_0;
    %pushi/vec4 0, 0, 53;
    %cmp/ne;
    %flag_get/vec4 4;
    %and;
T_5.16;
    %flag_set/vec4 8;
    %jmp/0xz  T_5.14, 8;
    %load/vec4 v0x615eef6d4db0_0;
    %load/vec4 v0x615eef6d4ae0_0;
    %parti/s 11, 0, 2;
    %concat/vec4; draw_concat_vec4
    %load/vec4 v0x615eef6d4bf0_0;
    %parti/s 52, 0, 2;
    %concat/vec4; draw_concat_vec4
    %store/vec4 v0x615eef6d4cd0_0, 0, 64;
T_5.14 ;
T_5.12 ;
T_5.10 ;
    %jmp T_5;
    .thread T_5, $push;
    .scope S_0x615eef5e25d0;
T_6 ;
    %wait E_0x615eef6bc110;
    %load/vec4 v0x615eef6daba0_0;
    %dup/vec4;
    %pushi/vec4 20, 0, 5;
    %cmp/u;
    %jmp/1 T_6.0, 6;
    %dup/vec4;
    %pushi/vec4 21, 0, 5;
    %cmp/u;
    %jmp/1 T_6.1, 6;
    %dup/vec4;
    %pushi/vec4 22, 0, 5;
    %cmp/u;
    %jmp/1 T_6.2, 6;
    %dup/vec4;
    %pushi/vec4 23, 0, 5;
    %cmp/u;
    %jmp/1 T_6.3, 6;
    %jmp T_6.4;
T_6.0 ;
    %load/vec4 v0x615eef6da4f0_0;
    %store/vec4 v0x615eef6daf90_0, 0, 64;
    %jmp T_6.4;
T_6.1 ;
    %load/vec4 v0x615eef6da4f0_0;
    %store/vec4 v0x615eef6daf90_0, 0, 64;
    %jmp T_6.4;
T_6.2 ;
    %load/vec4 v0x615eef6daa10_0;
    %store/vec4 v0x615eef6daf90_0, 0, 64;
    %jmp T_6.4;
T_6.3 ;
    %load/vec4 v0x615eef6daa10_0;
    %store/vec4 v0x615eef6daf90_0, 0, 64;
    %jmp T_6.4;
T_6.4 ;
    %pop/vec4 1;
    %load/vec4 v0x615eef6da740_0;
    %flag_set/vec4 8;
    %jmp/0xz  T_6.5, 8;
    %load/vec4 v0x615eef6db350_0;
    %store/vec4 v0x615eef6daf90_0, 0, 64;
T_6.5 ;
    %jmp T_6;
    .thread T_6, $push;
    .scope S_0x615eef67bde0;
T_7 ;
    %wait E_0x615eef6baf40;
    %pushi/vec4 0, 0, 1;
    %store/vec4 v0x615eef6ce1a0_0, 0, 1;
    %pushi/vec4 0, 0, 64;
    %store/vec4 v0x615eef6cea80_0, 0, 64;
    %pushi/vec4 0, 0, 64;
    %store/vec4 v0x615eef6ceb60_0, 0, 64;
    %load/vec4 v0x615eef6ce4c0_0;
    %dup/vec4;
    %pushi/vec4 8, 0, 5;
    %cmp/u;
    %jmp/1 T_7.0, 6;
    %dup/vec4;
    %pushi/vec4 9, 0, 5;
    %cmp/u;
    %jmp/1 T_7.1, 6;
    %dup/vec4;
    %pushi/vec4 10, 0, 5;
    %cmp/u;
    %jmp/1 T_7.2, 6;
    %dup/vec4;
    %pushi/vec4 11, 0, 5;
    %cmp/u;
    %jmp/1 T_7.3, 6;
    %dup/vec4;
    %pushi/vec4 12, 0, 5;
    %cmp/u;
    %jmp/1 T_7.4, 6;
    %dup/vec4;
    %pushi/vec4 13, 0, 5;
    %cmp/u;
    %jmp/1 T_7.5, 6;
    %dup/vec4;
    %pushi/vec4 14, 0, 5;
    %cmp/u;
    %jmp/1 T_7.6, 6;
    %load/vec4 v0x615eef6ce620_0;
    %store/vec4 v0x615eef6ce3e0_0, 0, 64;
    %jmp T_7.8;
T_7.0 ;
    %load/vec4 v0x615eef6ce7e0_0;
    %store/vec4 v0x615eef6ce3e0_0, 0, 64;
    %jmp T_7.8;
T_7.1 ;
    %load/vec4 v0x615eef6ce620_0;
    %load/vec4 v0x615eef6ce7e0_0;
    %add;
    %store/vec4 v0x615eef6ce3e0_0, 0, 64;
    %jmp T_7.8;
T_7.2 ;
    %load/vec4 v0x615eef6ce620_0;
    %load/vec4 v0x615eef6ce280_0;
    %pad/u 64;
    %add;
    %store/vec4 v0x615eef6ce3e0_0, 0, 64;
    %jmp T_7.8;
T_7.3 ;
    %load/vec4 v0x615eef6ce8c0_0;
    %cmpi/e 0, 0, 64;
    %flag_mov 8, 4;
    %jmp/0 T_7.9, 8;
    %load/vec4 v0x615eef6ce620_0;
    %jmp/1 T_7.10, 8;
T_7.9 ; End of true expr.
    %load/vec4 v0x615eef6ce7e0_0;
    %jmp/0 T_7.10, 8;
 ; End of false expr.
    %blend;
T_7.10;
    %store/vec4 v0x615eef6ce3e0_0, 0, 64;
    %jmp T_7.8;
T_7.4 ;
    %load/vec4 v0x615eef6ce7e0_0;
    %store/vec4 v0x615eef6ce3e0_0, 0, 64;
    %load/vec4 v0x615eef6ce700_0;
    %subi 8, 0, 64;
    %store/vec4 v0x615eef6cea80_0, 0, 64;
    %pushi/vec4 1, 0, 1;
    %store/vec4 v0x615eef6ce1a0_0, 0, 1;
    %load/vec4 v0x615eef6ce620_0;
    %addi 4, 0, 64;
    %store/vec4 v0x615eef6ceb60_0, 0, 64;
    %jmp T_7.8;
T_7.5 ;
    %load/vec4 v0x615eef6ce700_0;
    %subi 8, 0, 64;
    %store/vec4 v0x615eef6cea80_0, 0, 64;
    %load/vec4 v0x615eef6ce340_0;
    %store/vec4 v0x615eef6ce3e0_0, 0, 64;
    %jmp T_7.8;
T_7.6 ;
    %load/vec4 v0x615eef6ce8c0_0;
    %load/vec4 v0x615eef6ce9a0_0;
    %cmp/s;
    %flag_or 5, 4;
    %flag_mov 8, 5;
    %jmp/0 T_7.11, 8;
    %load/vec4 v0x615eef6ce620_0;
    %jmp/1 T_7.12, 8;
T_7.11 ; End of true expr.
    %load/vec4 v0x615eef6ce7e0_0;
    %jmp/0 T_7.12, 8;
 ; End of false expr.
    %blend;
T_7.12;
    %store/vec4 v0x615eef6ce3e0_0, 0, 64;
    %jmp T_7.8;
T_7.8 ;
    %pop/vec4 1;
    %jmp T_7;
    .thread T_7, $push;
    .scope S_0x615eef6db4b0;
T_8 ;
    %wait E_0x615eef6db750;
    %pushi/vec4 0, 0, 1;
    %store/vec4 v0x615eef6db8e0_0, 0, 1;
    %pushi/vec4 0, 0, 1;
    %store/vec4 v0x615eef6db9a0_0, 0, 1;
    %pushi/vec4 0, 0, 64;
    %store/vec4 v0x615eef6dc040_0, 0, 64;
    %pushi/vec4 0, 0, 64;
    %store/vec4 v0x615eef6dc120_0, 0, 64;
    %pushi/vec4 0, 0, 64;
    %store/vec4 v0x615eef6db7e0_0, 0, 64;
    %load/vec4 v0x615eef6dbc60_0;
    %dup/vec4;
    %pushi/vec4 16, 0, 5;
    %cmp/u;
    %jmp/1 T_8.0, 6;
    %dup/vec4;
    %pushi/vec4 17, 0, 5;
    %cmp/u;
    %jmp/1 T_8.1, 6;
    %dup/vec4;
    %pushi/vec4 18, 0, 5;
    %cmp/u;
    %jmp/1 T_8.2, 6;
    %dup/vec4;
    %pushi/vec4 19, 0, 5;
    %cmp/u;
    %jmp/1 T_8.3, 6;
    %jmp T_8.4;
T_8.0 ;
    %pushi/vec4 1, 0, 1;
    %store/vec4 v0x615eef6db9a0_0, 0, 1;
    %load/vec4 v0x615eef6dbdc0_0;
    %load/vec4 v0x615eef6dba40_0;
    %pad/u 64;
    %add;
    %store/vec4 v0x615eef6db7e0_0, 0, 64;
    %load/vec4 v0x615eef6dbb50_0;
    %store/vec4 v0x615eef6dc120_0, 0, 64;
    %jmp T_8.4;
T_8.1 ;
    %pushi/vec4 1, 0, 1;
    %store/vec4 v0x615eef6db9a0_0, 0, 1;
    %load/vec4 v0x615eef6dbdc0_0;
    %store/vec4 v0x615eef6dc120_0, 0, 64;
    %jmp T_8.4;
T_8.2 ;
    %pushi/vec4 1, 0, 1;
    %store/vec4 v0x615eef6db9a0_0, 0, 1;
    %load/vec4 v0x615eef6dbd00_0;
    %parti/s 52, 12, 5;
    %load/vec4 v0x615eef6dba40_0;
    %concat/vec4; draw_concat_vec4
    %store/vec4 v0x615eef6dc120_0, 0, 64;
    %jmp T_8.4;
T_8.3 ;
    %pushi/vec4 1, 0, 1;
    %store/vec4 v0x615eef6db8e0_0, 0, 1;
    %load/vec4 v0x615eef6dbd00_0;
    %load/vec4 v0x615eef6dba40_0;
    %pad/u 64;
    %add;
    %store/vec4 v0x615eef6db7e0_0, 0, 64;
    %load/vec4 v0x615eef6dbdc0_0;
    %store/vec4 v0x615eef6dc040_0, 0, 64;
    %jmp T_8.4;
T_8.4 ;
    %pop/vec4 1;
    %jmp T_8;
    .thread T_8, $push;
    .scope S_0x615eef67afa0;
T_9 ;
    %wait E_0x615eef5b8af0;
    %pushi/vec4 0, 0, 1;
    %store/vec4 v0x615eef6dddc0_0, 0, 1;
    %pushi/vec4 0, 0, 1;
    %store/vec4 v0x615eef6ddb80_0, 0, 1;
    %load/vec4 v0x615eef6de310_0;
    %addi 4, 0, 64;
    %store/vec4 v0x615eef6de630_0, 0, 64;
    %pushi/vec4 0, 0, 64;
    %store/vec4 v0x615eef6de890_0, 0, 64;
    %pushi/vec4 0, 0, 64;
    %store/vec4 v0x615eef6deb10_0, 0, 64;
    %pushi/vec4 0, 0, 64;
    %store/vec4 v0x615eef6ded90_0, 0, 64;
    %load/vec4 v0x615eef6de270_0;
    %dup/vec4;
    %pushi/vec4 24, 0, 5;
    %cmp/u;
    %jmp/1 T_9.0, 6;
    %dup/vec4;
    %pushi/vec4 25, 0, 5;
    %cmp/u;
    %jmp/1 T_9.1, 6;
    %dup/vec4;
    %pushi/vec4 26, 0, 5;
    %cmp/u;
    %jmp/1 T_9.2, 6;
    %dup/vec4;
    %pushi/vec4 27, 0, 5;
    %cmp/u;
    %jmp/1 T_9.3, 6;
    %dup/vec4;
    %pushi/vec4 28, 0, 5;
    %cmp/u;
    %jmp/1 T_9.4, 6;
    %dup/vec4;
    %pushi/vec4 29, 0, 5;
    %cmp/u;
    %jmp/1 T_9.5, 6;
    %dup/vec4;
    %pushi/vec4 0, 0, 5;
    %cmp/u;
    %jmp/1 T_9.6, 6;
    %dup/vec4;
    %pushi/vec4 1, 0, 5;
    %cmp/u;
    %jmp/1 T_9.7, 6;
    %dup/vec4;
    %pushi/vec4 2, 0, 5;
    %cmp/u;
    %jmp/1 T_9.8, 6;
    %dup/vec4;
    %pushi/vec4 3, 0, 5;
    %cmp/u;
    %jmp/1 T_9.9, 6;
    %dup/vec4;
    %pushi/vec4 4, 0, 5;
    %cmp/u;
    %jmp/1 T_9.10, 6;
    %dup/vec4;
    %pushi/vec4 5, 0, 5;
    %cmp/u;
    %jmp/1 T_9.11, 6;
    %dup/vec4;
    %pushi/vec4 6, 0, 5;
    %cmp/u;
    %jmp/1 T_9.12, 6;
    %dup/vec4;
    %pushi/vec4 7, 0, 5;
    %cmp/u;
    %jmp/1 T_9.13, 6;
    %dup/vec4;
    %pushi/vec4 20, 0, 5;
    %cmp/u;
    %jmp/1 T_9.14, 6;
    %dup/vec4;
    %pushi/vec4 21, 0, 5;
    %cmp/u;
    %jmp/1 T_9.15, 6;
    %dup/vec4;
    %pushi/vec4 22, 0, 5;
    %cmp/u;
    %jmp/1 T_9.16, 6;
    %dup/vec4;
    %pushi/vec4 23, 0, 5;
    %cmp/u;
    %jmp/1 T_9.17, 6;
    %dup/vec4;
    %pushi/vec4 8, 0, 5;
    %cmp/u;
    %jmp/1 T_9.18, 6;
    %dup/vec4;
    %pushi/vec4 9, 0, 5;
    %cmp/u;
    %jmp/1 T_9.19, 6;
    %dup/vec4;
    %pushi/vec4 10, 0, 5;
    %cmp/u;
    %jmp/1 T_9.20, 6;
    %dup/vec4;
    %pushi/vec4 11, 0, 5;
    %cmp/u;
    %jmp/1 T_9.21, 6;
    %dup/vec4;
    %pushi/vec4 12, 0, 5;
    %cmp/u;
    %jmp/1 T_9.22, 6;
    %dup/vec4;
    %pushi/vec4 13, 0, 5;
    %cmp/u;
    %jmp/1 T_9.23, 6;
    %dup/vec4;
    %pushi/vec4 14, 0, 5;
    %cmp/u;
    %jmp/1 T_9.24, 6;
    %dup/vec4;
    %pushi/vec4 16, 0, 5;
    %cmp/u;
    %jmp/1 T_9.25, 6;
    %dup/vec4;
    %pushi/vec4 17, 0, 5;
    %cmp/u;
    %jmp/1 T_9.26, 6;
    %dup/vec4;
    %pushi/vec4 18, 0, 5;
    %cmp/u;
    %jmp/1 T_9.27, 6;
    %dup/vec4;
    %pushi/vec4 19, 0, 5;
    %cmp/u;
    %jmp/1 T_9.28, 6;
    %jmp T_9.29;
T_9.0 ;
    %load/vec4 v0x615eef6dd9a0_0;
    %store/vec4 v0x615eef6ded90_0, 0, 64;
    %pushi/vec4 1, 0, 1;
    %store/vec4 v0x615eef6dddc0_0, 0, 1;
    %jmp T_9.29;
T_9.1 ;
    %load/vec4 v0x615eef6dd9a0_0;
    %store/vec4 v0x615eef6ded90_0, 0, 64;
    %pushi/vec4 1, 0, 1;
    %store/vec4 v0x615eef6dddc0_0, 0, 1;
    %jmp T_9.29;
T_9.2 ;
    %load/vec4 v0x615eef6dd9a0_0;
    %store/vec4 v0x615eef6ded90_0, 0, 64;
    %pushi/vec4 1, 0, 1;
    %store/vec4 v0x615eef6dddc0_0, 0, 1;
    %jmp T_9.29;
T_9.3 ;
    %load/vec4 v0x615eef6dd9a0_0;
    %store/vec4 v0x615eef6ded90_0, 0, 64;
    %pushi/vec4 1, 0, 1;
    %store/vec4 v0x615eef6dddc0_0, 0, 1;
    %jmp T_9.29;
T_9.4 ;
    %load/vec4 v0x615eef6dd9a0_0;
    %store/vec4 v0x615eef6ded90_0, 0, 64;
    %pushi/vec4 1, 0, 1;
    %store/vec4 v0x615eef6dddc0_0, 0, 1;
    %jmp T_9.29;
T_9.5 ;
    %load/vec4 v0x615eef6dd9a0_0;
    %store/vec4 v0x615eef6ded90_0, 0, 64;
    %pushi/vec4 1, 0, 1;
    %store/vec4 v0x615eef6dddc0_0, 0, 1;
    %jmp T_9.29;
T_9.6 ;
    %load/vec4 v0x615eef6dd9a0_0;
    %store/vec4 v0x615eef6ded90_0, 0, 64;
    %pushi/vec4 1, 0, 1;
    %store/vec4 v0x615eef6dddc0_0, 0, 1;
    %jmp T_9.29;
T_9.7 ;
    %load/vec4 v0x615eef6dd9a0_0;
    %store/vec4 v0x615eef6ded90_0, 0, 64;
    %pushi/vec4 1, 0, 1;
    %store/vec4 v0x615eef6dddc0_0, 0, 1;
    %jmp T_9.29;
T_9.8 ;
    %load/vec4 v0x615eef6dd9a0_0;
    %store/vec4 v0x615eef6ded90_0, 0, 64;
    %pushi/vec4 1, 0, 1;
    %store/vec4 v0x615eef6dddc0_0, 0, 1;
    %jmp T_9.29;
T_9.9 ;
    %load/vec4 v0x615eef6dd9a0_0;
    %store/vec4 v0x615eef6ded90_0, 0, 64;
    %pushi/vec4 1, 0, 1;
    %store/vec4 v0x615eef6dddc0_0, 0, 1;
    %jmp T_9.29;
T_9.10 ;
    %load/vec4 v0x615eef6dd9a0_0;
    %store/vec4 v0x615eef6ded90_0, 0, 64;
    %pushi/vec4 1, 0, 1;
    %store/vec4 v0x615eef6dddc0_0, 0, 1;
    %jmp T_9.29;
T_9.11 ;
    %load/vec4 v0x615eef6dd9a0_0;
    %store/vec4 v0x615eef6ded90_0, 0, 64;
    %pushi/vec4 1, 0, 1;
    %store/vec4 v0x615eef6dddc0_0, 0, 1;
    %jmp T_9.29;
T_9.12 ;
    %load/vec4 v0x615eef6dd9a0_0;
    %store/vec4 v0x615eef6ded90_0, 0, 64;
    %pushi/vec4 1, 0, 1;
    %store/vec4 v0x615eef6dddc0_0, 0, 1;
    %jmp T_9.29;
T_9.13 ;
    %load/vec4 v0x615eef6dd9a0_0;
    %store/vec4 v0x615eef6ded90_0, 0, 64;
    %pushi/vec4 1, 0, 1;
    %store/vec4 v0x615eef6dddc0_0, 0, 1;
    %jmp T_9.29;
T_9.14 ;
    %load/vec4 v0x615eef6dda40_0;
    %store/vec4 v0x615eef6ded90_0, 0, 64;
    %pushi/vec4 1, 0, 1;
    %store/vec4 v0x615eef6dddc0_0, 0, 1;
    %jmp T_9.29;
T_9.15 ;
    %load/vec4 v0x615eef6dda40_0;
    %store/vec4 v0x615eef6ded90_0, 0, 64;
    %pushi/vec4 1, 0, 1;
    %store/vec4 v0x615eef6dddc0_0, 0, 1;
    %jmp T_9.29;
T_9.16 ;
    %load/vec4 v0x615eef6dda40_0;
    %store/vec4 v0x615eef6ded90_0, 0, 64;
    %pushi/vec4 1, 0, 1;
    %store/vec4 v0x615eef6dddc0_0, 0, 1;
    %jmp T_9.29;
T_9.17 ;
    %load/vec4 v0x615eef6dda40_0;
    %store/vec4 v0x615eef6ded90_0, 0, 64;
    %pushi/vec4 1, 0, 1;
    %store/vec4 v0x615eef6dddc0_0, 0, 1;
    %jmp T_9.29;
T_9.18 ;
    %load/vec4 v0x615eef6de1b0_0;
    %store/vec4 v0x615eef6de630_0, 0, 64;
    %load/vec4 v0x615eef6ddae0_0;
    %store/vec4 v0x615eef6ddb80_0, 0, 1;
    %load/vec4 v0x615eef6de7d0_0;
    %store/vec4 v0x615eef6de890_0, 0, 64;
    %load/vec4 v0x615eef6dea40_0;
    %store/vec4 v0x615eef6deb10_0, 0, 64;
    %jmp T_9.29;
T_9.19 ;
    %load/vec4 v0x615eef6de1b0_0;
    %store/vec4 v0x615eef6de630_0, 0, 64;
    %load/vec4 v0x615eef6ddae0_0;
    %store/vec4 v0x615eef6ddb80_0, 0, 1;
    %load/vec4 v0x615eef6de7d0_0;
    %store/vec4 v0x615eef6de890_0, 0, 64;
    %load/vec4 v0x615eef6dea40_0;
    %store/vec4 v0x615eef6deb10_0, 0, 64;
    %jmp T_9.29;
T_9.20 ;
    %load/vec4 v0x615eef6de1b0_0;
    %store/vec4 v0x615eef6de630_0, 0, 64;
    %load/vec4 v0x615eef6ddae0_0;
    %store/vec4 v0x615eef6ddb80_0, 0, 1;
    %load/vec4 v0x615eef6de7d0_0;
    %store/vec4 v0x615eef6de890_0, 0, 64;
    %load/vec4 v0x615eef6dea40_0;
    %store/vec4 v0x615eef6deb10_0, 0, 64;
    %jmp T_9.29;
T_9.21 ;
    %load/vec4 v0x615eef6de1b0_0;
    %store/vec4 v0x615eef6de630_0, 0, 64;
    %load/vec4 v0x615eef6ddae0_0;
    %store/vec4 v0x615eef6ddb80_0, 0, 1;
    %load/vec4 v0x615eef6de7d0_0;
    %store/vec4 v0x615eef6de890_0, 0, 64;
    %load/vec4 v0x615eef6dea40_0;
    %store/vec4 v0x615eef6deb10_0, 0, 64;
    %jmp T_9.29;
T_9.22 ;
    %load/vec4 v0x615eef6de1b0_0;
    %store/vec4 v0x615eef6de630_0, 0, 64;
    %load/vec4 v0x615eef6ddae0_0;
    %store/vec4 v0x615eef6ddb80_0, 0, 1;
    %load/vec4 v0x615eef6de7d0_0;
    %store/vec4 v0x615eef6de890_0, 0, 64;
    %load/vec4 v0x615eef6dea40_0;
    %store/vec4 v0x615eef6deb10_0, 0, 64;
    %jmp T_9.29;
T_9.23 ;
    %load/vec4 v0x615eef6de1b0_0;
    %store/vec4 v0x615eef6de630_0, 0, 64;
    %load/vec4 v0x615eef6ddae0_0;
    %store/vec4 v0x615eef6ddb80_0, 0, 1;
    %load/vec4 v0x615eef6de7d0_0;
    %store/vec4 v0x615eef6de890_0, 0, 64;
    %load/vec4 v0x615eef6dea40_0;
    %store/vec4 v0x615eef6deb10_0, 0, 64;
    %jmp T_9.29;
T_9.24 ;
    %load/vec4 v0x615eef6de1b0_0;
    %store/vec4 v0x615eef6de630_0, 0, 64;
    %load/vec4 v0x615eef6ddae0_0;
    %store/vec4 v0x615eef6ddb80_0, 0, 1;
    %load/vec4 v0x615eef6de7d0_0;
    %store/vec4 v0x615eef6de890_0, 0, 64;
    %load/vec4 v0x615eef6dea40_0;
    %store/vec4 v0x615eef6deb10_0, 0, 64;
    %jmp T_9.29;
T_9.25 ;
    %load/vec4 v0x615eef6ddcf0_0;
    %store/vec4 v0x615eef6dddc0_0, 0, 1;
    %load/vec4 v0x615eef6ddc20_0;
    %store/vec4 v0x615eef6ddb80_0, 0, 1;
    %load/vec4 v0x615eef6decc0_0;
    %store/vec4 v0x615eef6ded90_0, 0, 64;
    %load/vec4 v0x615eef6de950_0;
    %store/vec4 v0x615eef6de890_0, 0, 64;
    %load/vec4 v0x615eef6debd0_0;
    %store/vec4 v0x615eef6deb10_0, 0, 64;
    %jmp T_9.29;
T_9.26 ;
    %load/vec4 v0x615eef6ddcf0_0;
    %store/vec4 v0x615eef6dddc0_0, 0, 1;
    %load/vec4 v0x615eef6ddc20_0;
    %store/vec4 v0x615eef6ddb80_0, 0, 1;
    %load/vec4 v0x615eef6decc0_0;
    %store/vec4 v0x615eef6ded90_0, 0, 64;
    %load/vec4 v0x615eef6de950_0;
    %store/vec4 v0x615eef6de890_0, 0, 64;
    %load/vec4 v0x615eef6debd0_0;
    %store/vec4 v0x615eef6deb10_0, 0, 64;
    %jmp T_9.29;
T_9.27 ;
    %load/vec4 v0x615eef6ddcf0_0;
    %store/vec4 v0x615eef6dddc0_0, 0, 1;
    %load/vec4 v0x615eef6ddc20_0;
    %store/vec4 v0x615eef6ddb80_0, 0, 1;
    %load/vec4 v0x615eef6decc0_0;
    %store/vec4 v0x615eef6ded90_0, 0, 64;
    %load/vec4 v0x615eef6de950_0;
    %store/vec4 v0x615eef6de890_0, 0, 64;
    %load/vec4 v0x615eef6debd0_0;
    %store/vec4 v0x615eef6deb10_0, 0, 64;
    %jmp T_9.29;
T_9.28 ;
    %load/vec4 v0x615eef6ddcf0_0;
    %store/vec4 v0x615eef6dddc0_0, 0, 1;
    %load/vec4 v0x615eef6ddc20_0;
    %store/vec4 v0x615eef6ddb80_0, 0, 1;
    %load/vec4 v0x615eef6decc0_0;
    %store/vec4 v0x615eef6ded90_0, 0, 64;
    %load/vec4 v0x615eef6de950_0;
    %store/vec4 v0x615eef6de890_0, 0, 64;
    %load/vec4 v0x615eef6debd0_0;
    %store/vec4 v0x615eef6deb10_0, 0, 64;
    %jmp T_9.29;
T_9.29 ;
    %pop/vec4 1;
    %jmp T_9;
    .thread T_9, $push;
    .scope S_0x615eef5e29d0;
T_10 ;
    %wait E_0x615eef6df3b0;
    %load/vec4 v0x615eef6e47e0_0;
    %flag_set/vec4 8;
    %jmp/0xz  T_10.0, 8;
    %pushi/vec4 8192, 0, 64;
    %assign/vec4 v0x615eef6e4270_0, 0;
    %jmp T_10.1;
T_10.0 ;
    %load/vec4 v0x615eef6e49e0_0;
    %assign/vec4 v0x615eef6e4270_0, 0;
T_10.1 ;
    %jmp T_10;
    .thread T_10;
# The file index is used to find the file name in the following table.
:file_names 9;
    "N/A";
    "<interactive>";
    "tinker.sv";
    "./main_logic.sv";
    "./alu.sv";
    "./branch.sv";
    "./fpu.sv";
    "./data_movement.sv";
    "./memory.sv";
